ERROR - 2021-03-11 11:50:39 --> mysqli_sql_exception: Table 'helpdeskz.hdz_config' doesn't exist in C:\wamp64\www\he\hdz\framework\Database\MySQLi\Connection.php:314
Stack trace:
#0 C:\wamp64\www\he\hdz\framework\Database\MySQLi\Connection.php(314): mysqli->query('SELECT *\nFROM `...')
#1 C:\wamp64\www\he\hdz\framework\Database\BaseConnection.php(713): CodeIgniter\Database\MySQLi\Connection->execute('SELECT *\nFROM `...')
#2 C:\wamp64\www\he\hdz\framework\Database\BaseConnection.php(641): CodeIgniter\Database\BaseConnection->simpleQuery('SELECT *\nFROM `...')
#3 C:\wamp64\www\he\hdz\framework\Database\BaseBuilder.php(1866): CodeIgniter\Database\BaseConnection->query('SELECT *\nFROM `...', Array, false)
#4 C:\wamp64\www\he\hdz\app\Libraries\Settings.php(20): CodeIgniter\Database\BaseBuilder->get()
#5 C:\wamp64\www\he\hdz\app\Filters\UserAuth.php(22): App\Libraries\Settings->config('maintenance')
#6 C:\wamp64\www\he\hdz\framework\Filters\Filters.php(181): App\Filters\UserAuth->before(Object(CodeIgniter\HTTP\IncomingRequest), NULL)
#7 C:\wamp64\www\he\hdz\framework\CodeIgniter.php(403): CodeIgniter\Filters\Filters->run('/', 'before')
#8 C:\wamp64\www\he\hdz\framework\CodeIgniter.php(333): CodeIgniter\CodeIgniter->handleRequest(NULL, Object(Config\Cache), false)
#9 C:\wamp64\www\he\index.php(44): CodeIgniter\CodeIgniter->run()
#10 {main}
ERROR - 2021-03-11 11:50:40 --> mysqli_sql_exception: Table 'helpdeskz.hdz_config' doesn't exist in C:\wamp64\www\he\hdz\framework\Database\MySQLi\Connection.php:314
Stack trace:
#0 C:\wamp64\www\he\hdz\framework\Database\MySQLi\Connection.php(314): mysqli->query('SELECT *\nFROM `...')
#1 C:\wamp64\www\he\hdz\framework\Database\BaseConnection.php(713): CodeIgniter\Database\MySQLi\Connection->execute('SELECT *\nFROM `...')
#2 C:\wamp64\www\he\hdz\framework\Database\BaseConnection.php(641): CodeIgniter\Database\BaseConnection->simpleQuery('SELECT *\nFROM `...')
#3 C:\wamp64\www\he\hdz\framework\Database\BaseBuilder.php(1866): CodeIgniter\Database\BaseConnection->query('SELECT *\nFROM `...', Array, false)
#4 C:\wamp64\www\he\hdz\app\Libraries\Settings.php(20): CodeIgniter\Database\BaseBuilder->get()
#5 C:\wamp64\www\he\hdz\app\Filters\UserAuth.php(28): App\Libraries\Settings->config('timezone')
#6 C:\wamp64\www\he\hdz\framework\Filters\Filters.php(181): App\Filters\UserAuth->before(Object(CodeIgniter\HTTP\IncomingRequest), NULL)
#7 C:\wamp64\www\he\hdz\framework\CodeIgniter.php(403): CodeIgniter\Filters\Filters->run('/', 'before')
#8 C:\wamp64\www\he\hdz\framework\CodeIgniter.php(333): CodeIgniter\CodeIgniter->handleRequest(NULL, Object(Config\Cache), false)
#9 C:\wamp64\www\he\index.php(44): CodeIgniter\CodeIgniter->run()
#10 {main}
ERROR - 2021-03-11 11:50:41 --> mysqli_sql_exception: Table 'helpdeskz.hdz_config' doesn't exist in C:\wamp64\www\he\hdz\framework\Database\MySQLi\Connection.php:314
Stack trace:
#0 C:\wamp64\www\he\hdz\framework\Database\MySQLi\Connection.php(314): mysqli->query('SELECT *\nFROM `...')
#1 C:\wamp64\www\he\hdz\framework\Database\BaseConnection.php(713): CodeIgniter\Database\MySQLi\Connection->execute('SELECT *\nFROM `...')
#2 C:\wamp64\www\he\hdz\framework\Database\BaseConnection.php(641): CodeIgniter\Database\BaseConnection->simpleQuery('SELECT *\nFROM `...')
#3 C:\wamp64\www\he\hdz\framework\Database\BaseBuilder.php(1866): CodeIgniter\Database\BaseConnection->query('SELECT *\nFROM `...', Array, false)
#4 C:\wamp64\www\he\hdz\app\Libraries\Settings.php(20): CodeIgniter\Database\BaseBuilder->get()
#5 C:\wamp64\www\he\hdz\app\Controllers\BaseController.php(71): App\Libraries\Settings->config('maintenance')
#6 C:\wamp64\www\he\hdz\framework\CodeIgniter.php(909): App\Controllers\BaseController->initController(Object(CodeIgniter\HTTP\IncomingRequest), Object(CodeIgniter\HTTP\Response), Object(CodeIgniter\Log\Logger))
#7 C:\wamp64\www\he\hdz\framework\CodeIgniter.php(422): CodeIgniter\CodeIgniter->createController()
#8 C:\wamp64\www\he\hdz\framework\CodeIgniter.php(333): CodeIgniter\CodeIgniter->handleRequest(NULL, Object(Config\Cache), false)
#9 C:\wamp64\www\he\index.php(44): CodeIgniter\CodeIgniter->run()
#10 {main}
ERROR - 2021-03-11 11:50:41 --> mysqli_sql_exception: Table 'helpdeskz.hdz_config' doesn't exist in C:\wamp64\www\he\hdz\framework\Database\MySQLi\Connection.php:314
Stack trace:
#0 C:\wamp64\www\he\hdz\framework\Database\MySQLi\Connection.php(314): mysqli->query('SELECT *\nFROM `...')
#1 C:\wamp64\www\he\hdz\framework\Database\BaseConnection.php(713): CodeIgniter\Database\MySQLi\Connection->execute('SELECT *\nFROM `...')
#2 C:\wamp64\www\he\hdz\framework\Database\BaseConnection.php(641): CodeIgniter\Database\BaseConnection->simpleQuery('SELECT *\nFROM `...')
#3 C:\wamp64\www\he\hdz\framework\Database\BaseBuilder.php(1866): CodeIgniter\Database\BaseConnection->query('SELECT *\nFROM `...', Array, false)
#4 C:\wamp64\www\he\hdz\app\Libraries\Settings.php(20): CodeIgniter\Database\BaseBuilder->get()
#5 C:\wamp64\www\he\hdz\app\Helpers\helpdesk_helper.php(15): App\Libraries\Settings->config('windows_title')
#6 C:\wamp64\www\he\hdz\app\Views\client\home.php(6): site_config('windows_title')
#7 C:\wamp64\www\he\hdz\framework\View\View.php(220): include('C:\\wamp64\\www\\h...')
#8 C:\wamp64\www\he\hdz\framework\View\View.php(222): CodeIgniter\View\View->CodeIgniter\View\{closure}()
#9 C:\wamp64\www\he\hdz\framework\Common.php(1217): CodeIgniter\View\View->render('client/home', Array, true)
#10 C:\wamp64\www\he\hdz\app\Controllers\Kb.php(19): view('client/home', Array)
#11 C:\wamp64\www\he\hdz\framework\CodeIgniter.php(936): App\Controllers\Kb->home()
#12 C:\wamp64\www\he\hdz\framework\CodeIgniter.php(432): CodeIgniter\CodeIgniter->runController(Object(App\Controllers\Kb))
#13 C:\wamp64\www\he\hdz\framework\CodeIgniter.php(333): CodeIgniter\CodeIgniter->handleRequest(NULL, Object(Config\Cache), false)
#14 C:\wamp64\www\he\index.php(44): CodeIgniter\CodeIgniter->run()
#15 {main}
ERROR - 2021-03-11 11:50:42 --> mysqli_sql_exception: Table 'helpdeskz.hdz_kb_category' doesn't exist in C:\wamp64\www\he\hdz\framework\Database\MySQLi\Connection.php:314
Stack trace:
#0 C:\wamp64\www\he\hdz\framework\Database\MySQLi\Connection.php(314): mysqli->query('SELECT *\nFROM `...')
#1 C:\wamp64\www\he\hdz\framework\Database\BaseConnection.php(713): CodeIgniter\Database\MySQLi\Connection->execute('SELECT *\nFROM `...')
#2 C:\wamp64\www\he\hdz\framework\Database\BaseConnection.php(641): CodeIgniter\Database\BaseConnection->simpleQuery('SELECT *\nFROM `...')
#3 C:\wamp64\www\he\hdz\framework\Database\BaseBuilder.php(1866): CodeIgniter\Database\BaseConnection->query('SELECT *\nFROM `...', Array, false)
#4 C:\wamp64\www\he\hdz\framework\Model.php(836): CodeIgniter\Database\BaseBuilder->get()
#5 C:\wamp64\www\he\hdz\app\Libraries\Kb.php(73): CodeIgniter\Model->__call('get', Array)
#6 C:\wamp64\www\he\hdz\app\Libraries\Kb.php(28): App\Libraries\Kb->publicCatList()
#7 C:\wamp64\www\he\hdz\app\Config\Services.php(41): App\Libraries\Kb->__construct()
#8 C:\wamp64\www\he\hdz\framework\Config\BaseService.php(100): Config\Services::kb(false)
#9 C:\wamp64\www\he\hdz\app\Config\Services.php(39): CodeIgniter\Config\BaseService::getSharedInstance('kb')
#10 C:\wamp64\www\he\hdz\app\Helpers\helpdesk_helper.php(94): Config\Services::kb()
#11 C:\wamp64\www\he\hdz\app\Views\client\home.php(49): kb_categories(0)
#12 C:\wamp64\www\he\hdz\framework\View\View.php(220): include('C:\\wamp64\\www\\h...')
#13 C:\wamp64\www\he\hdz\framework\View\View.php(222): CodeIgniter\View\View->CodeIgniter\View\{closure}()
#14 C:\wamp64\www\he\hdz\framework\Common.php(1217): CodeIgniter\View\View->render('client/home', Array, true)
#15 C:\wamp64\www\he\hdz\app\Controllers\Kb.php(19): view('client/home', Array)
#16 C:\wamp64\www\he\hdz\framework\CodeIgniter.php(936): App\Controllers\Kb->home()
#17 C:\wamp64\www\he\hdz\framework\CodeIgniter.php(432): CodeIgniter\CodeIgniter->runController(Object(App\Controllers\Kb))
#18 C:\wamp64\www\he\hdz\framework\CodeIgniter.php(333): CodeIgniter\CodeIgniter->handleRequest(NULL, Object(Config\Cache), false)
#19 C:\wamp64\www\he\index.php(44): CodeIgniter\CodeIgniter->run()
#20 {main}
ERROR - 2021-03-11 11:50:42 --> mysqli_sql_exception: Table 'helpdeskz.hdz_kb_category' doesn't exist in C:\wamp64\www\he\hdz\framework\Database\MySQLi\Connection.php:314
Stack trace:
#0 C:\wamp64\www\he\hdz\framework\Database\MySQLi\Connection.php(314): mysqli->query('SELECT *\nFROM `...')
#1 C:\wamp64\www\he\hdz\framework\Database\BaseConnection.php(713): CodeIgniter\Database\MySQLi\Connection->execute('SELECT *\nFROM `...')
#2 C:\wamp64\www\he\hdz\framework\Database\BaseConnection.php(641): CodeIgniter\Database\BaseConnection->simpleQuery('SELECT *\nFROM `...')
#3 C:\wamp64\www\he\hdz\framework\Database\BaseBuilder.php(1866): CodeIgniter\Database\BaseConnection->query('SELECT *\nFROM `...', Array, false)
#4 C:\wamp64\www\he\hdz\framework\Model.php(836): CodeIgniter\Database\BaseBuilder->get()
#5 C:\wamp64\www\he\hdz\app\Libraries\Kb.php(149): CodeIgniter\Model->__call('get', Array)
#6 C:\wamp64\www\he\hdz\app\Helpers\helpdesk_helper.php(94): App\Libraries\Kb->getCategories(0, true)
#7 C:\wamp64\www\he\hdz\app\Views\client\home.php(49): kb_categories(0)
#8 C:\wamp64\www\he\hdz\framework\View\View.php(220): include('C:\\wamp64\\www\\h...')
#9 C:\wamp64\www\he\hdz\framework\View\View.php(222): CodeIgniter\View\View->CodeIgniter\View\{closure}()
#10 C:\wamp64\www\he\hdz\framework\Common.php(1217): CodeIgniter\View\View->render('client/home', Array, true)
#11 C:\wamp64\www\he\hdz\app\Controllers\Kb.php(19): view('client/home', Array)
#12 C:\wamp64\www\he\hdz\framework\CodeIgniter.php(936): App\Controllers\Kb->home()
#13 C:\wamp64\www\he\hdz\framework\CodeIgniter.php(432): CodeIgniter\CodeIgniter->runController(Object(App\Controllers\Kb))
#14 C:\wamp64\www\he\hdz\framework\CodeIgniter.php(333): CodeIgniter\CodeIgniter->handleRequest(NULL, Object(Config\Cache), false)
#15 C:\wamp64\www\he\index.php(44): CodeIgniter\CodeIgniter->run()
#16 {main}
ERROR - 2021-03-11 11:50:42 --> mysqli_sql_exception: Table 'helpdeskz.hdz_articles' doesn't exist in C:\wamp64\www\he\hdz\framework\Database\MySQLi\Connection.php:314
Stack trace:
#0 C:\wamp64\www\he\hdz\framework\Database\MySQLi\Connection.php(314): mysqli->query('SELECT *\nFROM `...')
#1 C:\wamp64\www\he\hdz\framework\Database\BaseConnection.php(713): CodeIgniter\Database\MySQLi\Connection->execute('SELECT *\nFROM `...')
#2 C:\wamp64\www\he\hdz\framework\Database\BaseConnection.php(641): CodeIgniter\Database\BaseConnection->simpleQuery('SELECT *\nFROM `...')
#3 C:\wamp64\www\he\hdz\framework\Database\BaseBuilder.php(1866): CodeIgniter\Database\BaseConnection->query('SELECT *\nFROM `...', Array, false)
#4 C:\wamp64\www\he\hdz\framework\Model.php(836): CodeIgniter\Database\BaseBuilder->get()
#5 C:\wamp64\www\he\hdz\app\Libraries\Kb.php(310): CodeIgniter\Model->__call('get', Array)
#6 C:\wamp64\www\he\hdz\app\Helpers\helpdesk_helper.php(117): App\Libraries\Kb->getArticles(0, true)
#7 C:\wamp64\www\he\hdz\app\Views\client\home.php(84): kb_articles(0)
#8 C:\wamp64\www\he\hdz\framework\View\View.php(220): include('C:\\wamp64\\www\\h...')
#9 C:\wamp64\www\he\hdz\framework\View\View.php(222): CodeIgniter\View\View->CodeIgniter\View\{closure}()
#10 C:\wamp64\www\he\hdz\framework\Common.php(1217): CodeIgniter\View\View->render('client/home', Array, true)
#11 C:\wamp64\www\he\hdz\app\Controllers\Kb.php(19): view('client/home', Array)
#12 C:\wamp64\www\he\hdz\framework\CodeIgniter.php(936): App\Controllers\Kb->home()
#13 C:\wamp64\www\he\hdz\framework\CodeIgniter.php(432): CodeIgniter\CodeIgniter->runController(Object(App\Controllers\Kb))
#14 C:\wamp64\www\he\hdz\framework\CodeIgniter.php(333): CodeIgniter\CodeIgniter->handleRequest(NULL, Object(Config\Cache), false)
#15 C:\wamp64\www\he\index.php(44): CodeIgniter\CodeIgniter->run()
#16 {main}
ERROR - 2021-03-11 11:50:42 --> mysqli_sql_exception: Table 'helpdeskz.hdz_config' doesn't exist in C:\wamp64\www\he\hdz\framework\Database\MySQLi\Connection.php:314
Stack trace:
#0 C:\wamp64\www\he\hdz\framework\Database\MySQLi\Connection.php(314): mysqli->query('SELECT *\nFROM `...')
#1 C:\wamp64\www\he\hdz\framework\Database\BaseConnection.php(713): CodeIgniter\Database\MySQLi\Connection->execute('SELECT *\nFROM `...')
#2 C:\wamp64\www\he\hdz\framework\Database\BaseConnection.php(641): CodeIgniter\Database\BaseConnection->simpleQuery('SELECT *\nFROM `...')
#3 C:\wamp64\www\he\hdz\framework\Database\BaseBuilder.php(1866): CodeIgniter\Database\BaseConnection->query('SELECT *\nFROM `...', Array, false)
#4 C:\wamp64\www\he\hdz\app\Libraries\Settings.php(20): CodeIgniter\Database\BaseBuilder->get()
#5 C:\wamp64\www\he\hdz\app\Libraries\Kb.php(336): App\Libraries\Settings->config('kb_popular')
#6 C:\wamp64\www\he\hdz\app\Helpers\helpdesk_helper.php(122): App\Libraries\Kb->popularArticles(1)
#7 C:\wamp64\www\he\hdz\app\Views\client\home.php(113): kb_popular()
#8 C:\wamp64\www\he\hdz\framework\View\View.php(220): include('C:\\wamp64\\www\\h...')
#9 C:\wamp64\www\he\hdz\framework\View\View.php(222): CodeIgniter\View\View->CodeIgniter\View\{closure}()
#10 C:\wamp64\www\he\hdz\framework\Common.php(1217): CodeIgniter\View\View->render('client/home', Array, true)
#11 C:\wamp64\www\he\hdz\app\Controllers\Kb.php(19): view('client/home', Array)
#12 C:\wamp64\www\he\hdz\framework\CodeIgniter.php(936): App\Controllers\Kb->home()
#13 C:\wamp64\www\he\hdz\framework\CodeIgniter.php(432): CodeIgniter\CodeIgniter->runController(Object(App\Controllers\Kb))
#14 C:\wamp64\www\he\hdz\framework\CodeIgniter.php(333): CodeIgniter\CodeIgniter->handleRequest(NULL, Object(Config\Cache), false)
#15 C:\wamp64\www\he\index.php(44): CodeIgniter\CodeIgniter->run()
#16 {main}
CRITICAL - 2021-03-11 11:50:42 --> Argument 1 passed to CodeIgniter\Database\BaseBuilder::get() must be of the type int or null, string given, called in C:\wamp64\www\he\hdz\framework\Model.php on line 836
#0 C:\wamp64\www\he\hdz\framework\Model.php(836): CodeIgniter\Database\BaseBuilder->get('')
#1 C:\wamp64\www\he\hdz\app\Libraries\Kb.php(336): CodeIgniter\Model->__call('get', Array)
#2 C:\wamp64\www\he\hdz\app\Helpers\helpdesk_helper.php(122): App\Libraries\Kb->popularArticles(1)
#3 C:\wamp64\www\he\hdz\app\Views\client\home.php(113): kb_popular()
#4 C:\wamp64\www\he\hdz\framework\View\View.php(220): include('C:\\wamp64\\www\\h...')
#5 C:\wamp64\www\he\hdz\framework\View\View.php(222): CodeIgniter\View\View->CodeIgniter\View\{closure}()
#6 C:\wamp64\www\he\hdz\framework\Common.php(1217): CodeIgniter\View\View->render('client/home', Array, true)
#7 C:\wamp64\www\he\hdz\app\Controllers\Kb.php(19): view('client/home', Array)
#8 C:\wamp64\www\he\hdz\framework\CodeIgniter.php(936): App\Controllers\Kb->home()
#9 C:\wamp64\www\he\hdz\framework\CodeIgniter.php(432): CodeIgniter\CodeIgniter->runController(Object(App\Controllers\Kb))
#10 C:\wamp64\www\he\hdz\framework\CodeIgniter.php(333): CodeIgniter\CodeIgniter->handleRequest(NULL, Object(Config\Cache), false)
#11 C:\wamp64\www\he\index.php(44): CodeIgniter\CodeIgniter->run()
#12 {main}
ERROR - 2021-03-11 11:51:05 --> mysqli_sql_exception: Table 'helpdeskz.hdz_config' doesn't exist in C:\wamp64\www\he\hdz\framework\Database\MySQLi\Connection.php:314
Stack trace:
#0 C:\wamp64\www\he\hdz\framework\Database\MySQLi\Connection.php(314): mysqli->query('SELECT *\nFROM `...')
#1 C:\wamp64\www\he\hdz\framework\Database\BaseConnection.php(713): CodeIgniter\Database\MySQLi\Connection->execute('SELECT *\nFROM `...')
#2 C:\wamp64\www\he\hdz\framework\Database\BaseConnection.php(641): CodeIgniter\Database\BaseConnection->simpleQuery('SELECT *\nFROM `...')
#3 C:\wamp64\www\he\hdz\framework\Database\BaseBuilder.php(1866): CodeIgniter\Database\BaseConnection->query('SELECT *\nFROM `...', Array, false)
#4 C:\wamp64\www\he\hdz\app\Libraries\Settings.php(20): CodeIgniter\Database\BaseBuilder->get()
#5 C:\wamp64\www\he\hdz\app\Controllers\BaseController.php(71): App\Libraries\Settings->config('maintenance')
#6 C:\wamp64\www\he\hdz\framework\CodeIgniter.php(909): App\Controllers\BaseController->initController(Object(CodeIgniter\HTTP\IncomingRequest), Object(CodeIgniter\HTTP\Response), Object(CodeIgniter\Log\Logger))
#7 C:\wamp64\www\he\hdz\framework\CodeIgniter.php(969): CodeIgniter\CodeIgniter->createController()
#8 C:\wamp64\www\he\hdz\framework\CodeIgniter.php(349): CodeIgniter\CodeIgniter->display404errors(Object(CodeIgniter\Exceptions\PageNotFoundException))
#9 C:\wamp64\www\he\index.php(44): CodeIgniter\CodeIgniter->run()
#10 {main}
ERROR - 2021-03-11 11:51:05 --> mysqli_sql_exception: Table 'helpdeskz.hdz_kb_category' doesn't exist in C:\wamp64\www\he\hdz\framework\Database\MySQLi\Connection.php:314
Stack trace:
#0 C:\wamp64\www\he\hdz\framework\Database\MySQLi\Connection.php(314): mysqli->query('SELECT *\nFROM `...')
#1 C:\wamp64\www\he\hdz\framework\Database\BaseConnection.php(713): CodeIgniter\Database\MySQLi\Connection->execute('SELECT *\nFROM `...')
#2 C:\wamp64\www\he\hdz\framework\Database\BaseConnection.php(641): CodeIgniter\Database\BaseConnection->simpleQuery('SELECT *\nFROM `...')
#3 C:\wamp64\www\he\hdz\framework\Database\BaseBuilder.php(1866): CodeIgniter\Database\BaseConnection->query('SELECT *\nFROM `...', Array, false)
#4 C:\wamp64\www\he\hdz\framework\Model.php(836): CodeIgniter\Database\BaseBuilder->get()
#5 C:\wamp64\www\he\hdz\app\Libraries\Kb.php(73): CodeIgniter\Model->__call('get', Array)
#6 C:\wamp64\www\he\hdz\app\Libraries\Kb.php(28): App\Libraries\Kb->publicCatList()
#7 C:\wamp64\www\he\hdz\app\Config\Services.php(41): App\Libraries\Kb->__construct()
#8 C:\wamp64\www\he\hdz\framework\Config\BaseService.php(100): Config\Services::kb(false)
#9 C:\wamp64\www\he\hdz\app\Config\Services.php(39): CodeIgniter\Config\BaseService::getSharedInstance('kb')
#10 C:\wamp64\www\he\hdz\app\Helpers\helpdesk_helper.php(122): Config\Services::kb()
#11 C:\wamp64\www\he\hdz\app\Views\client\page_template.php(39): kb_popular()
#12 C:\wamp64\www\he\hdz\framework\View\View.php(220): include('C:\\wamp64\\www\\h...')
#13 C:\wamp64\www\he\hdz\framework\View\View.php(222): CodeIgniter\View\View->CodeIgniter\View\{closure}()
#14 C:\wamp64\www\he\hdz\framework\View\View.php(236): CodeIgniter\View\View->render('client/page_tem...', Array, true)
#15 C:\wamp64\www\he\hdz\framework\Common.php(1217): CodeIgniter\View\View->render('client/error', Array, true)
#16 C:\wamp64\www\he\hdz\app\Controllers\Kb.php(12): view('client/error', Array)
#17 C:\wamp64\www\he\hdz\framework\CodeIgniter.php(936): App\Controllers\Kb->error404('plugins', 'bootstrap', 'js', 'bootstrap.min.j...')
#18 C:\wamp64\www\he\hdz\framework\CodeIgniter.php(970): CodeIgniter\CodeIgniter->runController(Object(App\Controllers\Kb))
#19 C:\wamp64\www\he\hdz\framework\CodeIgniter.php(349): CodeIgniter\CodeIgniter->display404errors(Object(CodeIgniter\Exceptions\PageNotFoundException))
#20 C:\wamp64\www\he\index.php(44): CodeIgniter\CodeIgniter->run()
#21 {main}
ERROR - 2021-03-11 11:51:05 --> mysqli_sql_exception: Table 'helpdeskz.hdz_config' doesn't exist in C:\wamp64\www\he\hdz\framework\Database\MySQLi\Connection.php:314
Stack trace:
#0 C:\wamp64\www\he\hdz\framework\Database\MySQLi\Connection.php(314): mysqli->query('SELECT *\nFROM `...')
#1 C:\wamp64\www\he\hdz\framework\Database\BaseConnection.php(713): CodeIgniter\Database\MySQLi\Connection->execute('SELECT *\nFROM `...')
#2 C:\wamp64\www\he\hdz\framework\Database\BaseConnection.php(641): CodeIgniter\Database\BaseConnection->simpleQuery('SELECT *\nFROM `...')
#3 C:\wamp64\www\he\hdz\framework\Database\BaseBuilder.php(1866): CodeIgniter\Database\BaseConnection->query('SELECT *\nFROM `...', Array, false)
#4 C:\wamp64\www\he\hdz\app\Libraries\Settings.php(20): CodeIgniter\Database\BaseBuilder->get()
#5 C:\wamp64\www\he\hdz\app\Libraries\Kb.php(336): App\Libraries\Settings->config('kb_popular')
#6 C:\wamp64\www\he\hdz\app\Helpers\helpdesk_helper.php(122): App\Libraries\Kb->popularArticles(1)
#7 C:\wamp64\www\he\hdz\app\Views\client\page_template.php(39): kb_popular()
#8 C:\wamp64\www\he\hdz\framework\View\View.php(220): include('C:\\wamp64\\www\\h...')
#9 C:\wamp64\www\he\hdz\framework\View\View.php(222): CodeIgniter\View\View->CodeIgniter\View\{closure}()
#10 C:\wamp64\www\he\hdz\framework\View\View.php(236): CodeIgniter\View\View->render('client/page_tem...', Array, true)
#11 C:\wamp64\www\he\hdz\framework\Common.php(1217): CodeIgniter\View\View->render('client/error', Array, true)
#12 C:\wamp64\www\he\hdz\app\Controllers\Kb.php(12): view('client/error', Array)
#13 C:\wamp64\www\he\hdz\framework\CodeIgniter.php(936): App\Controllers\Kb->error404('plugins', 'bootstrap', 'js', 'bootstrap.min.j...')
#14 C:\wamp64\www\he\hdz\framework\CodeIgniter.php(970): CodeIgniter\CodeIgniter->runController(Object(App\Controllers\Kb))
#15 C:\wamp64\www\he\hdz\framework\CodeIgniter.php(349): CodeIgniter\CodeIgniter->display404errors(Object(CodeIgniter\Exceptions\PageNotFoundException))
#16 C:\wamp64\www\he\index.php(44): CodeIgniter\CodeIgniter->run()
#17 {main}
CRITICAL - 2021-03-11 11:51:05 --> Argument 1 passed to CodeIgniter\Database\BaseBuilder::get() must be of the type int or null, string given, called in C:\wamp64\www\he\hdz\framework\Model.php on line 836
#0 C:\wamp64\www\he\hdz\framework\Model.php(836): CodeIgniter\Database\BaseBuilder->get('')
#1 C:\wamp64\www\he\hdz\app\Libraries\Kb.php(336): CodeIgniter\Model->__call('get', Array)
#2 C:\wamp64\www\he\hdz\app\Helpers\helpdesk_helper.php(122): App\Libraries\Kb->popularArticles(1)
#3 C:\wamp64\www\he\hdz\app\Views\client\page_template.php(39): kb_popular()
#4 C:\wamp64\www\he\hdz\framework\View\View.php(220): include('C:\\wamp64\\www\\h...')
#5 C:\wamp64\www\he\hdz\framework\View\View.php(222): CodeIgniter\View\View->CodeIgniter\View\{closure}()
#6 C:\wamp64\www\he\hdz\framework\View\View.php(236): CodeIgniter\View\View->render('client/page_tem...', Array, true)
#7 C:\wamp64\www\he\hdz\framework\Common.php(1217): CodeIgniter\View\View->render('client/error', Array, true)
#8 C:\wamp64\www\he\hdz\app\Controllers\Kb.php(12): view('client/error', Array)
#9 C:\wamp64\www\he\hdz\framework\CodeIgniter.php(936): App\Controllers\Kb->error404('plugins', 'bootstrap', 'js', 'bootstrap.min.j...')
#10 C:\wamp64\www\he\hdz\framework\CodeIgniter.php(970): CodeIgniter\CodeIgniter->runController(Object(App\Controllers\Kb))
#11 C:\wamp64\www\he\hdz\framework\CodeIgniter.php(349): CodeIgniter\CodeIgniter->display404errors(Object(CodeIgniter\Exceptions\PageNotFoundException))
#12 C:\wamp64\www\he\index.php(44): CodeIgniter\CodeIgniter->run()
#13 {main}
ERROR - 2021-03-11 11:51:05 --> mysqli_sql_exception: Table 'helpdeskz.hdz_config' doesn't exist in C:\wamp64\www\he\hdz\framework\Database\MySQLi\Connection.php:314
Stack trace:
#0 C:\wamp64\www\he\hdz\framework\Database\MySQLi\Connection.php(314): mysqli->query('SELECT *\nFROM `...')
#1 C:\wamp64\www\he\hdz\framework\Database\BaseConnection.php(713): CodeIgniter\Database\MySQLi\Connection->execute('SELECT *\nFROM `...')
#2 C:\wamp64\www\he\hdz\framework\Database\BaseConnection.php(641): CodeIgniter\Database\BaseConnection->simpleQuery('SELECT *\nFROM `...')
#3 C:\wamp64\www\he\hdz\framework\Database\BaseBuilder.php(1866): CodeIgniter\Database\BaseConnection->query('SELECT *\nFROM `...', Array, false)
#4 C:\wamp64\www\he\hdz\app\Libraries\Settings.php(20): CodeIgniter\Database\BaseBuilder->get()
#5 C:\wamp64\www\he\hdz\app\Controllers\BaseController.php(71): App\Libraries\Settings->config('maintenance')
#6 C:\wamp64\www\he\hdz\framework\CodeIgniter.php(909): App\Controllers\BaseController->initController(Object(CodeIgniter\HTTP\IncomingRequest), Object(CodeIgniter\HTTP\Response), Object(CodeIgniter\Log\Logger))
#7 C:\wamp64\www\he\hdz\framework\CodeIgniter.php(969): CodeIgniter\CodeIgniter->createController()
#8 C:\wamp64\www\he\hdz\framework\CodeIgniter.php(349): CodeIgniter\CodeIgniter->display404errors(Object(CodeIgniter\Exceptions\PageNotFoundException))
#9 C:\wamp64\www\he\index.php(44): CodeIgniter\CodeIgniter->run()
#10 {main}
ERROR - 2021-03-11 11:51:05 --> mysqli_sql_exception: Table 'helpdeskz.hdz_kb_category' doesn't exist in C:\wamp64\www\he\hdz\framework\Database\MySQLi\Connection.php:314
Stack trace:
#0 C:\wamp64\www\he\hdz\framework\Database\MySQLi\Connection.php(314): mysqli->query('SELECT *\nFROM `...')
#1 C:\wamp64\www\he\hdz\framework\Database\BaseConnection.php(713): CodeIgniter\Database\MySQLi\Connection->execute('SELECT *\nFROM `...')
#2 C:\wamp64\www\he\hdz\framework\Database\BaseConnection.php(641): CodeIgniter\Database\BaseConnection->simpleQuery('SELECT *\nFROM `...')
#3 C:\wamp64\www\he\hdz\framework\Database\BaseBuilder.php(1866): CodeIgniter\Database\BaseConnection->query('SELECT *\nFROM `...', Array, false)
#4 C:\wamp64\www\he\hdz\framework\Model.php(836): CodeIgniter\Database\BaseBuilder->get()
#5 C:\wamp64\www\he\hdz\app\Libraries\Kb.php(73): CodeIgniter\Model->__call('get', Array)
#6 C:\wamp64\www\he\hdz\app\Libraries\Kb.php(28): App\Libraries\Kb->publicCatList()
#7 C:\wamp64\www\he\hdz\app\Config\Services.php(41): App\Libraries\Kb->__construct()
#8 C:\wamp64\www\he\hdz\framework\Config\BaseService.php(100): Config\Services::kb(false)
#9 C:\wamp64\www\he\hdz\app\Config\Services.php(39): CodeIgniter\Config\BaseService::getSharedInstance('kb')
#10 C:\wamp64\www\he\hdz\app\Helpers\helpdesk_helper.php(122): Config\Services::kb()
#11 C:\wamp64\www\he\hdz\app\Views\client\page_template.php(39): kb_popular()
#12 C:\wamp64\www\he\hdz\framework\View\View.php(220): include('C:\\wamp64\\www\\h...')
#13 C:\wamp64\www\he\hdz\framework\View\View.php(222): CodeIgniter\View\View->CodeIgniter\View\{closure}()
#14 C:\wamp64\www\he\hdz\framework\View\View.php(236): CodeIgniter\View\View->render('client/page_tem...', Array, true)
#15 C:\wamp64\www\he\hdz\framework\Common.php(1217): CodeIgniter\View\View->render('client/error', Array, true)
#16 C:\wamp64\www\he\hdz\app\Controllers\Kb.php(12): view('client/error', Array)
#17 C:\wamp64\www\he\hdz\framework\CodeIgniter.php(936): App\Controllers\Kb->error404('js', 'vendor-all.min....')
#18 C:\wamp64\www\he\hdz\framework\CodeIgniter.php(970): CodeIgniter\CodeIgniter->runController(Object(App\Controllers\Kb))
#19 C:\wamp64\www\he\hdz\framework\CodeIgniter.php(349): CodeIgniter\CodeIgniter->display404errors(Object(CodeIgniter\Exceptions\PageNotFoundException))
#20 C:\wamp64\www\he\index.php(44): CodeIgniter\CodeIgniter->run()
#21 {main}
ERROR - 2021-03-11 11:51:05 --> mysqli_sql_exception: Table 'helpdeskz.hdz_config' doesn't exist in C:\wamp64\www\he\hdz\framework\Database\MySQLi\Connection.php:314
Stack trace:
#0 C:\wamp64\www\he\hdz\framework\Database\MySQLi\Connection.php(314): mysqli->query('SELECT *\nFROM `...')
#1 C:\wamp64\www\he\hdz\framework\Database\BaseConnection.php(713): CodeIgniter\Database\MySQLi\Connection->execute('SELECT *\nFROM `...')
#2 C:\wamp64\www\he\hdz\framework\Database\BaseConnection.php(641): CodeIgniter\Database\BaseConnection->simpleQuery('SELECT *\nFROM `...')
#3 C:\wamp64\www\he\hdz\framework\Database\BaseBuilder.php(1866): CodeIgniter\Database\BaseConnection->query('SELECT *\nFROM `...', Array, false)
#4 C:\wamp64\www\he\hdz\app\Libraries\Settings.php(20): CodeIgniter\Database\BaseBuilder->get()
#5 C:\wamp64\www\he\hdz\app\Libraries\Kb.php(336): App\Libraries\Settings->config('kb_popular')
#6 C:\wamp64\www\he\hdz\app\Helpers\helpdesk_helper.php(122): App\Libraries\Kb->popularArticles(1)
#7 C:\wamp64\www\he\hdz\app\Views\client\page_template.php(39): kb_popular()
#8 C:\wamp64\www\he\hdz\framework\View\View.php(220): include('C:\\wamp64\\www\\h...')
#9 C:\wamp64\www\he\hdz\framework\View\View.php(222): CodeIgniter\View\View->CodeIgniter\View\{closure}()
#10 C:\wamp64\www\he\hdz\framework\View\View.php(236): CodeIgniter\View\View->render('client/page_tem...', Array, true)
#11 C:\wamp64\www\he\hdz\framework\Common.php(1217): CodeIgniter\View\View->render('client/error', Array, true)
#12 C:\wamp64\www\he\hdz\app\Controllers\Kb.php(12): view('client/error', Array)
#13 C:\wamp64\www\he\hdz\framework\CodeIgniter.php(936): App\Controllers\Kb->error404('js', 'vendor-all.min....')
#14 C:\wamp64\www\he\hdz\framework\CodeIgniter.php(970): CodeIgniter\CodeIgniter->runController(Object(App\Controllers\Kb))
#15 C:\wamp64\www\he\hdz\framework\CodeIgniter.php(349): CodeIgniter\CodeIgniter->display404errors(Object(CodeIgniter\Exceptions\PageNotFoundException))
#16 C:\wamp64\www\he\index.php(44): CodeIgniter\CodeIgniter->run()
#17 {main}
CRITICAL - 2021-03-11 11:51:05 --> Argument 1 passed to CodeIgniter\Database\BaseBuilder::get() must be of the type int or null, string given, called in C:\wamp64\www\he\hdz\framework\Model.php on line 836
#0 C:\wamp64\www\he\hdz\framework\Model.php(836): CodeIgniter\Database\BaseBuilder->get('')
#1 C:\wamp64\www\he\hdz\app\Libraries\Kb.php(336): CodeIgniter\Model->__call('get', Array)
#2 C:\wamp64\www\he\hdz\app\Helpers\helpdesk_helper.php(122): App\Libraries\Kb->popularArticles(1)
#3 C:\wamp64\www\he\hdz\app\Views\client\page_template.php(39): kb_popular()
#4 C:\wamp64\www\he\hdz\framework\View\View.php(220): include('C:\\wamp64\\www\\h...')
#5 C:\wamp64\www\he\hdz\framework\View\View.php(222): CodeIgniter\View\View->CodeIgniter\View\{closure}()
#6 C:\wamp64\www\he\hdz\framework\View\View.php(236): CodeIgniter\View\View->render('client/page_tem...', Array, true)
#7 C:\wamp64\www\he\hdz\framework\Common.php(1217): CodeIgniter\View\View->render('client/error', Array, true)
#8 C:\wamp64\www\he\hdz\app\Controllers\Kb.php(12): view('client/error', Array)
#9 C:\wamp64\www\he\hdz\framework\CodeIgniter.php(936): App\Controllers\Kb->error404('js', 'vendor-all.min....')
#10 C:\wamp64\www\he\hdz\framework\CodeIgniter.php(970): CodeIgniter\CodeIgniter->runController(Object(App\Controllers\Kb))
#11 C:\wamp64\www\he\hdz\framework\CodeIgniter.php(349): CodeIgniter\CodeIgniter->display404errors(Object(CodeIgniter\Exceptions\PageNotFoundException))
#12 C:\wamp64\www\he\index.php(44): CodeIgniter\CodeIgniter->run()
#13 {main}
ERROR - 2021-03-11 11:51:06 --> mysqli_sql_exception: Table 'helpdeskz.hdz_config' doesn't exist in C:\wamp64\www\he\hdz\framework\Database\MySQLi\Connection.php:314
Stack trace:
#0 C:\wamp64\www\he\hdz\framework\Database\MySQLi\Connection.php(314): mysqli->query('SELECT *\nFROM `...')
#1 C:\wamp64\www\he\hdz\framework\Database\BaseConnection.php(713): CodeIgniter\Database\MySQLi\Connection->execute('SELECT *\nFROM `...')
#2 C:\wamp64\www\he\hdz\framework\Database\BaseConnection.php(641): CodeIgniter\Database\BaseConnection->simpleQuery('SELECT *\nFROM `...')
#3 C:\wamp64\www\he\hdz\framework\Database\BaseBuilder.php(1866): CodeIgniter\Database\BaseConnection->query('SELECT *\nFROM `...', Array, false)
#4 C:\wamp64\www\he\hdz\app\Libraries\Settings.php(20): CodeIgniter\Database\BaseBuilder->get()
#5 C:\wamp64\www\he\hdz\app\Controllers\BaseController.php(71): App\Libraries\Settings->config('maintenance')
#6 C:\wamp64\www\he\hdz\framework\CodeIgniter.php(909): App\Controllers\BaseController->initController(Object(CodeIgniter\HTTP\IncomingRequest), Object(CodeIgniter\HTTP\Response), Object(CodeIgniter\Log\Logger))
#7 C:\wamp64\www\he\hdz\framework\CodeIgniter.php(969): CodeIgniter\CodeIgniter->createController()
#8 C:\wamp64\www\he\hdz\framework\CodeIgniter.php(349): CodeIgniter\CodeIgniter->display404errors(Object(CodeIgniter\Exceptions\PageNotFoundException))
#9 C:\wamp64\www\he\index.php(44): CodeIgniter\CodeIgniter->run()
#10 {main}
ERROR - 2021-03-11 11:51:06 --> mysqli_sql_exception: Table 'helpdeskz.hdz_kb_category' doesn't exist in C:\wamp64\www\he\hdz\framework\Database\MySQLi\Connection.php:314
Stack trace:
#0 C:\wamp64\www\he\hdz\framework\Database\MySQLi\Connection.php(314): mysqli->query('SELECT *\nFROM `...')
#1 C:\wamp64\www\he\hdz\framework\Database\BaseConnection.php(713): CodeIgniter\Database\MySQLi\Connection->execute('SELECT *\nFROM `...')
#2 C:\wamp64\www\he\hdz\framework\Database\BaseConnection.php(641): CodeIgniter\Database\BaseConnection->simpleQuery('SELECT *\nFROM `...')
#3 C:\wamp64\www\he\hdz\framework\Database\BaseBuilder.php(1866): CodeIgniter\Database\BaseConnection->query('SELECT *\nFROM `...', Array, false)
#4 C:\wamp64\www\he\hdz\framework\Model.php(836): CodeIgniter\Database\BaseBuilder->get()
#5 C:\wamp64\www\he\hdz\app\Libraries\Kb.php(73): CodeIgniter\Model->__call('get', Array)
#6 C:\wamp64\www\he\hdz\app\Libraries\Kb.php(28): App\Libraries\Kb->publicCatList()
#7 C:\wamp64\www\he\hdz\app\Config\Services.php(41): App\Libraries\Kb->__construct()
#8 C:\wamp64\www\he\hdz\framework\Config\BaseService.php(100): Config\Services::kb(false)
#9 C:\wamp64\www\he\hdz\app\Config\Services.php(39): CodeIgniter\Config\BaseService::getSharedInstance('kb')
#10 C:\wamp64\www\he\hdz\app\Helpers\helpdesk_helper.php(122): Config\Services::kb()
#11 C:\wamp64\www\he\hdz\app\Views\client\page_template.php(39): kb_popular()
#12 C:\wamp64\www\he\hdz\framework\View\View.php(220): include('C:\\wamp64\\www\\h...')
#13 C:\wamp64\www\he\hdz\framework\View\View.php(222): CodeIgniter\View\View->CodeIgniter\View\{closure}()
#14 C:\wamp64\www\he\hdz\framework\View\View.php(236): CodeIgniter\View\View->render('client/page_tem...', Array, true)
#15 C:\wamp64\www\he\hdz\framework\Common.php(1217): CodeIgniter\View\View->render('client/error', Array, true)
#16 C:\wamp64\www\he\hdz\app\Controllers\Kb.php(12): view('client/error', Array)
#17 C:\wamp64\www\he\hdz\framework\CodeIgniter.php(936): App\Controllers\Kb->error404('plugins', 'bootstrap', 'js', 'bootstrap.min.j...')
#18 C:\wamp64\www\he\hdz\framework\CodeIgniter.php(970): CodeIgniter\CodeIgniter->runController(Object(App\Controllers\Kb))
#19 C:\wamp64\www\he\hdz\framework\CodeIgniter.php(349): CodeIgniter\CodeIgniter->display404errors(Object(CodeIgniter\Exceptions\PageNotFoundException))
#20 C:\wamp64\www\he\index.php(44): CodeIgniter\CodeIgniter->run()
#21 {main}
ERROR - 2021-03-11 11:51:06 --> mysqli_sql_exception: Table 'helpdeskz.hdz_config' doesn't exist in C:\wamp64\www\he\hdz\framework\Database\MySQLi\Connection.php:314
Stack trace:
#0 C:\wamp64\www\he\hdz\framework\Database\MySQLi\Connection.php(314): mysqli->query('SELECT *\nFROM `...')
#1 C:\wamp64\www\he\hdz\framework\Database\BaseConnection.php(713): CodeIgniter\Database\MySQLi\Connection->execute('SELECT *\nFROM `...')
#2 C:\wamp64\www\he\hdz\framework\Database\BaseConnection.php(641): CodeIgniter\Database\BaseConnection->simpleQuery('SELECT *\nFROM `...')
#3 C:\wamp64\www\he\hdz\framework\Database\BaseBuilder.php(1866): CodeIgniter\Database\BaseConnection->query('SELECT *\nFROM `...', Array, false)
#4 C:\wamp64\www\he\hdz\app\Libraries\Settings.php(20): CodeIgniter\Database\BaseBuilder->get()
#5 C:\wamp64\www\he\hdz\app\Libraries\Kb.php(336): App\Libraries\Settings->config('kb_popular')
#6 C:\wamp64\www\he\hdz\app\Helpers\helpdesk_helper.php(122): App\Libraries\Kb->popularArticles(1)
#7 C:\wamp64\www\he\hdz\app\Views\client\page_template.php(39): kb_popular()
#8 C:\wamp64\www\he\hdz\framework\View\View.php(220): include('C:\\wamp64\\www\\h...')
#9 C:\wamp64\www\he\hdz\framework\View\View.php(222): CodeIgniter\View\View->CodeIgniter\View\{closure}()
#10 C:\wamp64\www\he\hdz\framework\View\View.php(236): CodeIgniter\View\View->render('client/page_tem...', Array, true)
#11 C:\wamp64\www\he\hdz\framework\Common.php(1217): CodeIgniter\View\View->render('client/error', Array, true)
#12 C:\wamp64\www\he\hdz\app\Controllers\Kb.php(12): view('client/error', Array)
#13 C:\wamp64\www\he\hdz\framework\CodeIgniter.php(936): App\Controllers\Kb->error404('plugins', 'bootstrap', 'js', 'bootstrap.min.j...')
#14 C:\wamp64\www\he\hdz\framework\CodeIgniter.php(970): CodeIgniter\CodeIgniter->runController(Object(App\Controllers\Kb))
#15 C:\wamp64\www\he\hdz\framework\CodeIgniter.php(349): CodeIgniter\CodeIgniter->display404errors(Object(CodeIgniter\Exceptions\PageNotFoundException))
#16 C:\wamp64\www\he\index.php(44): CodeIgniter\CodeIgniter->run()
#17 {main}
CRITICAL - 2021-03-11 11:51:06 --> Argument 1 passed to CodeIgniter\Database\BaseBuilder::get() must be of the type int or null, string given, called in C:\wamp64\www\he\hdz\framework\Model.php on line 836
#0 C:\wamp64\www\he\hdz\framework\Model.php(836): CodeIgniter\Database\BaseBuilder->get('')
#1 C:\wamp64\www\he\hdz\app\Libraries\Kb.php(336): CodeIgniter\Model->__call('get', Array)
#2 C:\wamp64\www\he\hdz\app\Helpers\helpdesk_helper.php(122): App\Libraries\Kb->popularArticles(1)
#3 C:\wamp64\www\he\hdz\app\Views\client\page_template.php(39): kb_popular()
#4 C:\wamp64\www\he\hdz\framework\View\View.php(220): include('C:\\wamp64\\www\\h...')
#5 C:\wamp64\www\he\hdz\framework\View\View.php(222): CodeIgniter\View\View->CodeIgniter\View\{closure}()
#6 C:\wamp64\www\he\hdz\framework\View\View.php(236): CodeIgniter\View\View->render('client/page_tem...', Array, true)
#7 C:\wamp64\www\he\hdz\framework\Common.php(1217): CodeIgniter\View\View->render('client/error', Array, true)
#8 C:\wamp64\www\he\hdz\app\Controllers\Kb.php(12): view('client/error', Array)
#9 C:\wamp64\www\he\hdz\framework\CodeIgniter.php(936): App\Controllers\Kb->error404('plugins', 'bootstrap', 'js', 'bootstrap.min.j...')
#10 C:\wamp64\www\he\hdz\framework\CodeIgniter.php(970): CodeIgniter\CodeIgniter->runController(Object(App\Controllers\Kb))
#11 C:\wamp64\www\he\hdz\framework\CodeIgniter.php(349): CodeIgniter\CodeIgniter->display404errors(Object(CodeIgniter\Exceptions\PageNotFoundException))
#12 C:\wamp64\www\he\index.php(44): CodeIgniter\CodeIgniter->run()
#13 {main}
ERROR - 2021-03-11 11:51:07 --> mysqli_sql_exception: Table 'helpdeskz.hdz_config' doesn't exist in C:\wamp64\www\he\hdz\framework\Database\MySQLi\Connection.php:314
Stack trace:
#0 C:\wamp64\www\he\hdz\framework\Database\MySQLi\Connection.php(314): mysqli->query('SELECT *\nFROM `...')
#1 C:\wamp64\www\he\hdz\framework\Database\BaseConnection.php(713): CodeIgniter\Database\MySQLi\Connection->execute('SELECT *\nFROM `...')
#2 C:\wamp64\www\he\hdz\framework\Database\BaseConnection.php(641): CodeIgniter\Database\BaseConnection->simpleQuery('SELECT *\nFROM `...')
#3 C:\wamp64\www\he\hdz\framework\Database\BaseBuilder.php(1866): CodeIgniter\Database\BaseConnection->query('SELECT *\nFROM `...', Array, false)
#4 C:\wamp64\www\he\hdz\app\Libraries\Settings.php(20): CodeIgniter\Database\BaseBuilder->get()
#5 C:\wamp64\www\he\hdz\app\Controllers\BaseController.php(71): App\Libraries\Settings->config('maintenance')
#6 C:\wamp64\www\he\hdz\framework\CodeIgniter.php(909): App\Controllers\BaseController->initController(Object(CodeIgniter\HTTP\IncomingRequest), Object(CodeIgniter\HTTP\Response), Object(CodeIgniter\Log\Logger))
#7 C:\wamp64\www\he\hdz\framework\CodeIgniter.php(969): CodeIgniter\CodeIgniter->createController()
#8 C:\wamp64\www\he\hdz\framework\CodeIgniter.php(349): CodeIgniter\CodeIgniter->display404errors(Object(CodeIgniter\Exceptions\PageNotFoundException))
#9 C:\wamp64\www\he\index.php(44): CodeIgniter\CodeIgniter->run()
#10 {main}
ERROR - 2021-03-11 11:51:08 --> mysqli_sql_exception: Table 'helpdeskz.hdz_kb_category' doesn't exist in C:\wamp64\www\he\hdz\framework\Database\MySQLi\Connection.php:314
Stack trace:
#0 C:\wamp64\www\he\hdz\framework\Database\MySQLi\Connection.php(314): mysqli->query('SELECT *\nFROM `...')
#1 C:\wamp64\www\he\hdz\framework\Database\BaseConnection.php(713): CodeIgniter\Database\MySQLi\Connection->execute('SELECT *\nFROM `...')
#2 C:\wamp64\www\he\hdz\framework\Database\BaseConnection.php(641): CodeIgniter\Database\BaseConnection->simpleQuery('SELECT *\nFROM `...')
#3 C:\wamp64\www\he\hdz\framework\Database\BaseBuilder.php(1866): CodeIgniter\Database\BaseConnection->query('SELECT *\nFROM `...', Array, false)
#4 C:\wamp64\www\he\hdz\framework\Model.php(836): CodeIgniter\Database\BaseBuilder->get()
#5 C:\wamp64\www\he\hdz\app\Libraries\Kb.php(73): CodeIgniter\Model->__call('get', Array)
#6 C:\wamp64\www\he\hdz\app\Libraries\Kb.php(28): App\Libraries\Kb->publicCatList()
#7 C:\wamp64\www\he\hdz\app\Config\Services.php(41): App\Libraries\Kb->__construct()
#8 C:\wamp64\www\he\hdz\framework\Config\BaseService.php(100): Config\Services::kb(false)
#9 C:\wamp64\www\he\hdz\app\Config\Services.php(39): CodeIgniter\Config\BaseService::getSharedInstance('kb')
#10 C:\wamp64\www\he\hdz\app\Helpers\helpdesk_helper.php(122): Config\Services::kb()
#11 C:\wamp64\www\he\hdz\app\Views\client\page_template.php(39): kb_popular()
#12 C:\wamp64\www\he\hdz\framework\View\View.php(220): include('C:\\wamp64\\www\\h...')
#13 C:\wamp64\www\he\hdz\framework\View\View.php(222): CodeIgniter\View\View->CodeIgniter\View\{closure}()
#14 C:\wamp64\www\he\hdz\framework\View\View.php(236): CodeIgniter\View\View->render('client/page_tem...', Array, true)
#15 C:\wamp64\www\he\hdz\framework\Common.php(1217): CodeIgniter\View\View->render('client/error', Array, true)
#16 C:\wamp64\www\he\hdz\app\Controllers\Kb.php(12): view('client/error', Array)
#17 C:\wamp64\www\he\hdz\framework\CodeIgniter.php(936): App\Controllers\Kb->error404('plugins', 'bootstrap', 'js', 'bootstrap.min.j...')
#18 C:\wamp64\www\he\hdz\framework\CodeIgniter.php(970): CodeIgniter\CodeIgniter->runController(Object(App\Controllers\Kb))
#19 C:\wamp64\www\he\hdz\framework\CodeIgniter.php(349): CodeIgniter\CodeIgniter->display404errors(Object(CodeIgniter\Exceptions\PageNotFoundException))
#20 C:\wamp64\www\he\index.php(44): CodeIgniter\CodeIgniter->run()
#21 {main}
ERROR - 2021-03-11 11:51:08 --> mysqli_sql_exception: Table 'helpdeskz.hdz_config' doesn't exist in C:\wamp64\www\he\hdz\framework\Database\MySQLi\Connection.php:314
Stack trace:
#0 C:\wamp64\www\he\hdz\framework\Database\MySQLi\Connection.php(314): mysqli->query('SELECT *\nFROM `...')
#1 C:\wamp64\www\he\hdz\framework\Database\BaseConnection.php(713): CodeIgniter\Database\MySQLi\Connection->execute('SELECT *\nFROM `...')
#2 C:\wamp64\www\he\hdz\framework\Database\BaseConnection.php(641): CodeIgniter\Database\BaseConnection->simpleQuery('SELECT *\nFROM `...')
#3 C:\wamp64\www\he\hdz\framework\Database\BaseBuilder.php(1866): CodeIgniter\Database\BaseConnection->query('SELECT *\nFROM `...', Array, false)
#4 C:\wamp64\www\he\hdz\app\Libraries\Settings.php(20): CodeIgniter\Database\BaseBuilder->get()
#5 C:\wamp64\www\he\hdz\app\Libraries\Kb.php(336): App\Libraries\Settings->config('kb_popular')
#6 C:\wamp64\www\he\hdz\app\Helpers\helpdesk_helper.php(122): App\Libraries\Kb->popularArticles(1)
#7 C:\wamp64\www\he\hdz\app\Views\client\page_template.php(39): kb_popular()
#8 C:\wamp64\www\he\hdz\framework\View\View.php(220): include('C:\\wamp64\\www\\h...')
#9 C:\wamp64\www\he\hdz\framework\View\View.php(222): CodeIgniter\View\View->CodeIgniter\View\{closure}()
#10 C:\wamp64\www\he\hdz\framework\View\View.php(236): CodeIgniter\View\View->render('client/page_tem...', Array, true)
#11 C:\wamp64\www\he\hdz\framework\Common.php(1217): CodeIgniter\View\View->render('client/error', Array, true)
#12 C:\wamp64\www\he\hdz\app\Controllers\Kb.php(12): view('client/error', Array)
#13 C:\wamp64\www\he\hdz\framework\CodeIgniter.php(936): App\Controllers\Kb->error404('plugins', 'bootstrap', 'js', 'bootstrap.min.j...')
#14 C:\wamp64\www\he\hdz\framework\CodeIgniter.php(970): CodeIgniter\CodeIgniter->runController(Object(App\Controllers\Kb))
#15 C:\wamp64\www\he\hdz\framework\CodeIgniter.php(349): CodeIgniter\CodeIgniter->display404errors(Object(CodeIgniter\Exceptions\PageNotFoundException))
#16 C:\wamp64\www\he\index.php(44): CodeIgniter\CodeIgniter->run()
#17 {main}
CRITICAL - 2021-03-11 11:51:08 --> Argument 1 passed to CodeIgniter\Database\BaseBuilder::get() must be of the type int or null, string given, called in C:\wamp64\www\he\hdz\framework\Model.php on line 836
#0 C:\wamp64\www\he\hdz\framework\Model.php(836): CodeIgniter\Database\BaseBuilder->get('')
#1 C:\wamp64\www\he\hdz\app\Libraries\Kb.php(336): CodeIgniter\Model->__call('get', Array)
#2 C:\wamp64\www\he\hdz\app\Helpers\helpdesk_helper.php(122): App\Libraries\Kb->popularArticles(1)
#3 C:\wamp64\www\he\hdz\app\Views\client\page_template.php(39): kb_popular()
#4 C:\wamp64\www\he\hdz\framework\View\View.php(220): include('C:\\wamp64\\www\\h...')
#5 C:\wamp64\www\he\hdz\framework\View\View.php(222): CodeIgniter\View\View->CodeIgniter\View\{closure}()
#6 C:\wamp64\www\he\hdz\framework\View\View.php(236): CodeIgniter\View\View->render('client/page_tem...', Array, true)
#7 C:\wamp64\www\he\hdz\framework\Common.php(1217): CodeIgniter\View\View->render('client/error', Array, true)
#8 C:\wamp64\www\he\hdz\app\Controllers\Kb.php(12): view('client/error', Array)
#9 C:\wamp64\www\he\hdz\framework\CodeIgniter.php(936): App\Controllers\Kb->error404('plugins', 'bootstrap', 'js', 'bootstrap.min.j...')
#10 C:\wamp64\www\he\hdz\framework\CodeIgniter.php(970): CodeIgniter\CodeIgniter->runController(Object(App\Controllers\Kb))
#11 C:\wamp64\www\he\hdz\framework\CodeIgniter.php(349): CodeIgniter\CodeIgniter->display404errors(Object(CodeIgniter\Exceptions\PageNotFoundException))
#12 C:\wamp64\www\he\index.php(44): CodeIgniter\CodeIgniter->run()
#13 {main}
ERROR - 2021-03-11 11:51:08 --> mysqli_sql_exception: Table 'helpdeskz.hdz_config' doesn't exist in C:\wamp64\www\he\hdz\framework\Database\MySQLi\Connection.php:314
Stack trace:
#0 C:\wamp64\www\he\hdz\framework\Database\MySQLi\Connection.php(314): mysqli->query('SELECT *\nFROM `...')
#1 C:\wamp64\www\he\hdz\framework\Database\BaseConnection.php(713): CodeIgniter\Database\MySQLi\Connection->execute('SELECT *\nFROM `...')
#2 C:\wamp64\www\he\hdz\framework\Database\BaseConnection.php(641): CodeIgniter\Database\BaseConnection->simpleQuery('SELECT *\nFROM `...')
#3 C:\wamp64\www\he\hdz\framework\Database\BaseBuilder.php(1866): CodeIgniter\Database\BaseConnection->query('SELECT *\nFROM `...', Array, false)
#4 C:\wamp64\www\he\hdz\app\Libraries\Settings.php(20): CodeIgniter\Database\BaseBuilder->get()
#5 C:\wamp64\www\he\hdz\app\Controllers\BaseController.php(71): App\Libraries\Settings->config('maintenance')
#6 C:\wamp64\www\he\hdz\framework\CodeIgniter.php(909): App\Controllers\BaseController->initController(Object(CodeIgniter\HTTP\IncomingRequest), Object(CodeIgniter\HTTP\Response), Object(CodeIgniter\Log\Logger))
#7 C:\wamp64\www\he\hdz\framework\CodeIgniter.php(969): CodeIgniter\CodeIgniter->createController()
#8 C:\wamp64\www\he\hdz\framework\CodeIgniter.php(349): CodeIgniter\CodeIgniter->display404errors(Object(CodeIgniter\Exceptions\PageNotFoundException))
#9 C:\wamp64\www\he\index.php(44): CodeIgniter\CodeIgniter->run()
#10 {main}
ERROR - 2021-03-11 11:51:08 --> mysqli_sql_exception: Table 'helpdeskz.hdz_kb_category' doesn't exist in C:\wamp64\www\he\hdz\framework\Database\MySQLi\Connection.php:314
Stack trace:
#0 C:\wamp64\www\he\hdz\framework\Database\MySQLi\Connection.php(314): mysqli->query('SELECT *\nFROM `...')
#1 C:\wamp64\www\he\hdz\framework\Database\BaseConnection.php(713): CodeIgniter\Database\MySQLi\Connection->execute('SELECT *\nFROM `...')
#2 C:\wamp64\www\he\hdz\framework\Database\BaseConnection.php(641): CodeIgniter\Database\BaseConnection->simpleQuery('SELECT *\nFROM `...')
#3 C:\wamp64\www\he\hdz\framework\Database\BaseBuilder.php(1866): CodeIgniter\Database\BaseConnection->query('SELECT *\nFROM `...', Array, false)
#4 C:\wamp64\www\he\hdz\framework\Model.php(836): CodeIgniter\Database\BaseBuilder->get()
#5 C:\wamp64\www\he\hdz\app\Libraries\Kb.php(73): CodeIgniter\Model->__call('get', Array)
#6 C:\wamp64\www\he\hdz\app\Libraries\Kb.php(28): App\Libraries\Kb->publicCatList()
#7 C:\wamp64\www\he\hdz\app\Config\Services.php(41): App\Libraries\Kb->__construct()
#8 C:\wamp64\www\he\hdz\framework\Config\BaseService.php(100): Config\Services::kb(false)
#9 C:\wamp64\www\he\hdz\app\Config\Services.php(39): CodeIgniter\Config\BaseService::getSharedInstance('kb')
#10 C:\wamp64\www\he\hdz\app\Helpers\helpdesk_helper.php(122): Config\Services::kb()
#11 C:\wamp64\www\he\hdz\app\Views\client\page_template.php(39): kb_popular()
#12 C:\wamp64\www\he\hdz\framework\View\View.php(220): include('C:\\wamp64\\www\\h...')
#13 C:\wamp64\www\he\hdz\framework\View\View.php(222): CodeIgniter\View\View->CodeIgniter\View\{closure}()
#14 C:\wamp64\www\he\hdz\framework\View\View.php(236): CodeIgniter\View\View->render('client/page_tem...', Array, true)
#15 C:\wamp64\www\he\hdz\framework\Common.php(1217): CodeIgniter\View\View->render('client/error', Array, true)
#16 C:\wamp64\www\he\hdz\app\Controllers\Kb.php(12): view('client/error', Array)
#17 C:\wamp64\www\he\hdz\framework\CodeIgniter.php(936): App\Controllers\Kb->error404('js', 'vendor-all.min....')
#18 C:\wamp64\www\he\hdz\framework\CodeIgniter.php(970): CodeIgniter\CodeIgniter->runController(Object(App\Controllers\Kb))
#19 C:\wamp64\www\he\hdz\framework\CodeIgniter.php(349): CodeIgniter\CodeIgniter->display404errors(Object(CodeIgniter\Exceptions\PageNotFoundException))
#20 C:\wamp64\www\he\index.php(44): CodeIgniter\CodeIgniter->run()
#21 {main}
ERROR - 2021-03-11 11:51:08 --> mysqli_sql_exception: Table 'helpdeskz.hdz_config' doesn't exist in C:\wamp64\www\he\hdz\framework\Database\MySQLi\Connection.php:314
Stack trace:
#0 C:\wamp64\www\he\hdz\framework\Database\MySQLi\Connection.php(314): mysqli->query('SELECT *\nFROM `...')
#1 C:\wamp64\www\he\hdz\framework\Database\BaseConnection.php(713): CodeIgniter\Database\MySQLi\Connection->execute('SELECT *\nFROM `...')
#2 C:\wamp64\www\he\hdz\framework\Database\BaseConnection.php(641): CodeIgniter\Database\BaseConnection->simpleQuery('SELECT *\nFROM `...')
#3 C:\wamp64\www\he\hdz\framework\Database\BaseBuilder.php(1866): CodeIgniter\Database\BaseConnection->query('SELECT *\nFROM `...', Array, false)
#4 C:\wamp64\www\he\hdz\app\Libraries\Settings.php(20): CodeIgniter\Database\BaseBuilder->get()
#5 C:\wamp64\www\he\hdz\app\Libraries\Kb.php(336): App\Libraries\Settings->config('kb_popular')
#6 C:\wamp64\www\he\hdz\app\Helpers\helpdesk_helper.php(122): App\Libraries\Kb->popularArticles(1)
#7 C:\wamp64\www\he\hdz\app\Views\client\page_template.php(39): kb_popular()
#8 C:\wamp64\www\he\hdz\framework\View\View.php(220): include('C:\\wamp64\\www\\h...')
#9 C:\wamp64\www\he\hdz\framework\View\View.php(222): CodeIgniter\View\View->CodeIgniter\View\{closure}()
#10 C:\wamp64\www\he\hdz\framework\View\View.php(236): CodeIgniter\View\View->render('client/page_tem...', Array, true)
#11 C:\wamp64\www\he\hdz\framework\Common.php(1217): CodeIgniter\View\View->render('client/error', Array, true)
#12 C:\wamp64\www\he\hdz\app\Controllers\Kb.php(12): view('client/error', Array)
#13 C:\wamp64\www\he\hdz\framework\CodeIgniter.php(936): App\Controllers\Kb->error404('js', 'vendor-all.min....')
#14 C:\wamp64\www\he\hdz\framework\CodeIgniter.php(970): CodeIgniter\CodeIgniter->runController(Object(App\Controllers\Kb))
#15 C:\wamp64\www\he\hdz\framework\CodeIgniter.php(349): CodeIgniter\CodeIgniter->display404errors(Object(CodeIgniter\Exceptions\PageNotFoundException))
#16 C:\wamp64\www\he\index.php(44): CodeIgniter\CodeIgniter->run()
#17 {main}
CRITICAL - 2021-03-11 11:51:08 --> Argument 1 passed to CodeIgniter\Database\BaseBuilder::get() must be of the type int or null, string given, called in C:\wamp64\www\he\hdz\framework\Model.php on line 836
#0 C:\wamp64\www\he\hdz\framework\Model.php(836): CodeIgniter\Database\BaseBuilder->get('')
#1 C:\wamp64\www\he\hdz\app\Libraries\Kb.php(336): CodeIgniter\Model->__call('get', Array)
#2 C:\wamp64\www\he\hdz\app\Helpers\helpdesk_helper.php(122): App\Libraries\Kb->popularArticles(1)
#3 C:\wamp64\www\he\hdz\app\Views\client\page_template.php(39): kb_popular()
#4 C:\wamp64\www\he\hdz\framework\View\View.php(220): include('C:\\wamp64\\www\\h...')
#5 C:\wamp64\www\he\hdz\framework\View\View.php(222): CodeIgniter\View\View->CodeIgniter\View\{closure}()
#6 C:\wamp64\www\he\hdz\framework\View\View.php(236): CodeIgniter\View\View->render('client/page_tem...', Array, true)
#7 C:\wamp64\www\he\hdz\framework\Common.php(1217): CodeIgniter\View\View->render('client/error', Array, true)
#8 C:\wamp64\www\he\hdz\app\Controllers\Kb.php(12): view('client/error', Array)
#9 C:\wamp64\www\he\hdz\framework\CodeIgniter.php(936): App\Controllers\Kb->error404('js', 'vendor-all.min....')
#10 C:\wamp64\www\he\hdz\framework\CodeIgniter.php(970): CodeIgniter\CodeIgniter->runController(Object(App\Controllers\Kb))
#11 C:\wamp64\www\he\hdz\framework\CodeIgniter.php(349): CodeIgniter\CodeIgniter->display404errors(Object(CodeIgniter\Exceptions\PageNotFoundException))
#12 C:\wamp64\www\he\index.php(44): CodeIgniter\CodeIgniter->run()
#13 {main}
ERROR - 2021-03-11 11:51:08 --> mysqli_sql_exception: Table 'helpdeskz.hdz_config' doesn't exist in C:\wamp64\www\he\hdz\framework\Database\MySQLi\Connection.php:314
Stack trace:
#0 C:\wamp64\www\he\hdz\framework\Database\MySQLi\Connection.php(314): mysqli->query('SELECT *\nFROM `...')
#1 C:\wamp64\www\he\hdz\framework\Database\BaseConnection.php(713): CodeIgniter\Database\MySQLi\Connection->execute('SELECT *\nFROM `...')
#2 C:\wamp64\www\he\hdz\framework\Database\BaseConnection.php(641): CodeIgniter\Database\BaseConnection->simpleQuery('SELECT *\nFROM `...')
#3 C:\wamp64\www\he\hdz\framework\Database\BaseBuilder.php(1866): CodeIgniter\Database\BaseConnection->query('SELECT *\nFROM `...', Array, false)
#4 C:\wamp64\www\he\hdz\app\Libraries\Settings.php(20): CodeIgniter\Database\BaseBuilder->get()
#5 C:\wamp64\www\he\hdz\app\Controllers\BaseController.php(71): App\Libraries\Settings->config('maintenance')
#6 C:\wamp64\www\he\hdz\framework\CodeIgniter.php(909): App\Controllers\BaseController->initController(Object(CodeIgniter\HTTP\IncomingRequest), Object(CodeIgniter\HTTP\Response), Object(CodeIgniter\Log\Logger))
#7 C:\wamp64\www\he\hdz\framework\CodeIgniter.php(969): CodeIgniter\CodeIgniter->createController()
#8 C:\wamp64\www\he\hdz\framework\CodeIgniter.php(349): CodeIgniter\CodeIgniter->display404errors(Object(CodeIgniter\Exceptions\PageNotFoundException))
#9 C:\wamp64\www\he\index.php(44): CodeIgniter\CodeIgniter->run()
#10 {main}
ERROR - 2021-03-11 11:51:09 --> mysqli_sql_exception: Table 'helpdeskz.hdz_kb_category' doesn't exist in C:\wamp64\www\he\hdz\framework\Database\MySQLi\Connection.php:314
Stack trace:
#0 C:\wamp64\www\he\hdz\framework\Database\MySQLi\Connection.php(314): mysqli->query('SELECT *\nFROM `...')
#1 C:\wamp64\www\he\hdz\framework\Database\BaseConnection.php(713): CodeIgniter\Database\MySQLi\Connection->execute('SELECT *\nFROM `...')
#2 C:\wamp64\www\he\hdz\framework\Database\BaseConnection.php(641): CodeIgniter\Database\BaseConnection->simpleQuery('SELECT *\nFROM `...')
#3 C:\wamp64\www\he\hdz\framework\Database\BaseBuilder.php(1866): CodeIgniter\Database\BaseConnection->query('SELECT *\nFROM `...', Array, false)
#4 C:\wamp64\www\he\hdz\framework\Model.php(836): CodeIgniter\Database\BaseBuilder->get()
#5 C:\wamp64\www\he\hdz\app\Libraries\Kb.php(73): CodeIgniter\Model->__call('get', Array)
#6 C:\wamp64\www\he\hdz\app\Libraries\Kb.php(28): App\Libraries\Kb->publicCatList()
#7 C:\wamp64\www\he\hdz\app\Config\Services.php(41): App\Libraries\Kb->__construct()
#8 C:\wamp64\www\he\hdz\framework\Config\BaseService.php(100): Config\Services::kb(false)
#9 C:\wamp64\www\he\hdz\app\Config\Services.php(39): CodeIgniter\Config\BaseService::getSharedInstance('kb')
#10 C:\wamp64\www\he\hdz\app\Helpers\helpdesk_helper.php(122): Config\Services::kb()
#11 C:\wamp64\www\he\hdz\app\Views\client\page_template.php(39): kb_popular()
#12 C:\wamp64\www\he\hdz\framework\View\View.php(220): include('C:\\wamp64\\www\\h...')
#13 C:\wamp64\www\he\hdz\framework\View\View.php(222): CodeIgniter\View\View->CodeIgniter\View\{closure}()
#14 C:\wamp64\www\he\hdz\framework\View\View.php(236): CodeIgniter\View\View->render('client/page_tem...', Array, true)
#15 C:\wamp64\www\he\hdz\framework\Common.php(1217): CodeIgniter\View\View->render('client/error', Array, true)
#16 C:\wamp64\www\he\hdz\app\Controllers\Kb.php(12): view('client/error', Array)
#17 C:\wamp64\www\he\hdz\framework\CodeIgniter.php(936): App\Controllers\Kb->error404('plugins', 'bootstrap', 'js', 'bootstrap.min.j...')
#18 C:\wamp64\www\he\hdz\framework\CodeIgniter.php(970): CodeIgniter\CodeIgniter->runController(Object(App\Controllers\Kb))
#19 C:\wamp64\www\he\hdz\framework\CodeIgniter.php(349): CodeIgniter\CodeIgniter->display404errors(Object(CodeIgniter\Exceptions\PageNotFoundException))
#20 C:\wamp64\www\he\index.php(44): CodeIgniter\CodeIgniter->run()
#21 {main}
ERROR - 2021-03-11 11:51:09 --> mysqli_sql_exception: Table 'helpdeskz.hdz_config' doesn't exist in C:\wamp64\www\he\hdz\framework\Database\MySQLi\Connection.php:314
Stack trace:
#0 C:\wamp64\www\he\hdz\framework\Database\MySQLi\Connection.php(314): mysqli->query('SELECT *\nFROM `...')
#1 C:\wamp64\www\he\hdz\framework\Database\BaseConnection.php(713): CodeIgniter\Database\MySQLi\Connection->execute('SELECT *\nFROM `...')
#2 C:\wamp64\www\he\hdz\framework\Database\BaseConnection.php(641): CodeIgniter\Database\BaseConnection->simpleQuery('SELECT *\nFROM `...')
#3 C:\wamp64\www\he\hdz\framework\Database\BaseBuilder.php(1866): CodeIgniter\Database\BaseConnection->query('SELECT *\nFROM `...', Array, false)
#4 C:\wamp64\www\he\hdz\app\Libraries\Settings.php(20): CodeIgniter\Database\BaseBuilder->get()
#5 C:\wamp64\www\he\hdz\app\Libraries\Kb.php(336): App\Libraries\Settings->config('kb_popular')
#6 C:\wamp64\www\he\hdz\app\Helpers\helpdesk_helper.php(122): App\Libraries\Kb->popularArticles(1)
#7 C:\wamp64\www\he\hdz\app\Views\client\page_template.php(39): kb_popular()
#8 C:\wamp64\www\he\hdz\framework\View\View.php(220): include('C:\\wamp64\\www\\h...')
#9 C:\wamp64\www\he\hdz\framework\View\View.php(222): CodeIgniter\View\View->CodeIgniter\View\{closure}()
#10 C:\wamp64\www\he\hdz\framework\View\View.php(236): CodeIgniter\View\View->render('client/page_tem...', Array, true)
#11 C:\wamp64\www\he\hdz\framework\Common.php(1217): CodeIgniter\View\View->render('client/error', Array, true)
#12 C:\wamp64\www\he\hdz\app\Controllers\Kb.php(12): view('client/error', Array)
#13 C:\wamp64\www\he\hdz\framework\CodeIgniter.php(936): App\Controllers\Kb->error404('plugins', 'bootstrap', 'js', 'bootstrap.min.j...')
#14 C:\wamp64\www\he\hdz\framework\CodeIgniter.php(970): CodeIgniter\CodeIgniter->runController(Object(App\Controllers\Kb))
#15 C:\wamp64\www\he\hdz\framework\CodeIgniter.php(349): CodeIgniter\CodeIgniter->display404errors(Object(CodeIgniter\Exceptions\PageNotFoundException))
#16 C:\wamp64\www\he\index.php(44): CodeIgniter\CodeIgniter->run()
#17 {main}
CRITICAL - 2021-03-11 11:51:09 --> Argument 1 passed to CodeIgniter\Database\BaseBuilder::get() must be of the type int or null, string given, called in C:\wamp64\www\he\hdz\framework\Model.php on line 836
#0 C:\wamp64\www\he\hdz\framework\Model.php(836): CodeIgniter\Database\BaseBuilder->get('')
#1 C:\wamp64\www\he\hdz\app\Libraries\Kb.php(336): CodeIgniter\Model->__call('get', Array)
#2 C:\wamp64\www\he\hdz\app\Helpers\helpdesk_helper.php(122): App\Libraries\Kb->popularArticles(1)
#3 C:\wamp64\www\he\hdz\app\Views\client\page_template.php(39): kb_popular()
#4 C:\wamp64\www\he\hdz\framework\View\View.php(220): include('C:\\wamp64\\www\\h...')
#5 C:\wamp64\www\he\hdz\framework\View\View.php(222): CodeIgniter\View\View->CodeIgniter\View\{closure}()
#6 C:\wamp64\www\he\hdz\framework\View\View.php(236): CodeIgniter\View\View->render('client/page_tem...', Array, true)
#7 C:\wamp64\www\he\hdz\framework\Common.php(1217): CodeIgniter\View\View->render('client/error', Array, true)
#8 C:\wamp64\www\he\hdz\app\Controllers\Kb.php(12): view('client/error', Array)
#9 C:\wamp64\www\he\hdz\framework\CodeIgniter.php(936): App\Controllers\Kb->error404('plugins', 'bootstrap', 'js', 'bootstrap.min.j...')
#10 C:\wamp64\www\he\hdz\framework\CodeIgniter.php(970): CodeIgniter\CodeIgniter->runController(Object(App\Controllers\Kb))
#11 C:\wamp64\www\he\hdz\framework\CodeIgniter.php(349): CodeIgniter\CodeIgniter->display404errors(Object(CodeIgniter\Exceptions\PageNotFoundException))
#12 C:\wamp64\www\he\index.php(44): CodeIgniter\CodeIgniter->run()
#13 {main}
ERROR - 2021-03-11 11:51:09 --> mysqli_sql_exception: Table 'helpdeskz.hdz_config' doesn't exist in C:\wamp64\www\he\hdz\framework\Database\MySQLi\Connection.php:314
Stack trace:
#0 C:\wamp64\www\he\hdz\framework\Database\MySQLi\Connection.php(314): mysqli->query('SELECT *\nFROM `...')
#1 C:\wamp64\www\he\hdz\framework\Database\BaseConnection.php(713): CodeIgniter\Database\MySQLi\Connection->execute('SELECT *\nFROM `...')
#2 C:\wamp64\www\he\hdz\framework\Database\BaseConnection.php(641): CodeIgniter\Database\BaseConnection->simpleQuery('SELECT *\nFROM `...')
#3 C:\wamp64\www\he\hdz\framework\Database\BaseBuilder.php(1866): CodeIgniter\Database\BaseConnection->query('SELECT *\nFROM `...', Array, false)
#4 C:\wamp64\www\he\hdz\app\Libraries\Settings.php(20): CodeIgniter\Database\BaseBuilder->get()
#5 C:\wamp64\www\he\hdz\app\Controllers\BaseController.php(71): App\Libraries\Settings->config('maintenance')
#6 C:\wamp64\www\he\hdz\framework\CodeIgniter.php(909): App\Controllers\BaseController->initController(Object(CodeIgniter\HTTP\IncomingRequest), Object(CodeIgniter\HTTP\Response), Object(CodeIgniter\Log\Logger))
#7 C:\wamp64\www\he\hdz\framework\CodeIgniter.php(969): CodeIgniter\CodeIgniter->createController()
#8 C:\wamp64\www\he\hdz\framework\CodeIgniter.php(349): CodeIgniter\CodeIgniter->display404errors(Object(CodeIgniter\Exceptions\PageNotFoundException))
#9 C:\wamp64\www\he\index.php(44): CodeIgniter\CodeIgniter->run()
#10 {main}
ERROR - 2021-03-11 11:51:09 --> mysqli_sql_exception: Table 'helpdeskz.hdz_kb_category' doesn't exist in C:\wamp64\www\he\hdz\framework\Database\MySQLi\Connection.php:314
Stack trace:
#0 C:\wamp64\www\he\hdz\framework\Database\MySQLi\Connection.php(314): mysqli->query('SELECT *\nFROM `...')
#1 C:\wamp64\www\he\hdz\framework\Database\BaseConnection.php(713): CodeIgniter\Database\MySQLi\Connection->execute('SELECT *\nFROM `...')
#2 C:\wamp64\www\he\hdz\framework\Database\BaseConnection.php(641): CodeIgniter\Database\BaseConnection->simpleQuery('SELECT *\nFROM `...')
#3 C:\wamp64\www\he\hdz\framework\Database\BaseBuilder.php(1866): CodeIgniter\Database\BaseConnection->query('SELECT *\nFROM `...', Array, false)
#4 C:\wamp64\www\he\hdz\framework\Model.php(836): CodeIgniter\Database\BaseBuilder->get()
#5 C:\wamp64\www\he\hdz\app\Libraries\Kb.php(73): CodeIgniter\Model->__call('get', Array)
#6 C:\wamp64\www\he\hdz\app\Libraries\Kb.php(28): App\Libraries\Kb->publicCatList()
#7 C:\wamp64\www\he\hdz\app\Config\Services.php(41): App\Libraries\Kb->__construct()
#8 C:\wamp64\www\he\hdz\framework\Config\BaseService.php(100): Config\Services::kb(false)
#9 C:\wamp64\www\he\hdz\app\Config\Services.php(39): CodeIgniter\Config\BaseService::getSharedInstance('kb')
#10 C:\wamp64\www\he\hdz\app\Helpers\helpdesk_helper.php(122): Config\Services::kb()
#11 C:\wamp64\www\he\hdz\app\Views\client\page_template.php(39): kb_popular()
#12 C:\wamp64\www\he\hdz\framework\View\View.php(220): include('C:\\wamp64\\www\\h...')
#13 C:\wamp64\www\he\hdz\framework\View\View.php(222): CodeIgniter\View\View->CodeIgniter\View\{closure}()
#14 C:\wamp64\www\he\hdz\framework\View\View.php(236): CodeIgniter\View\View->render('client/page_tem...', Array, true)
#15 C:\wamp64\www\he\hdz\framework\Common.php(1217): CodeIgniter\View\View->render('client/error', Array, true)
#16 C:\wamp64\www\he\hdz\app\Controllers\Kb.php(12): view('client/error', Array)
#17 C:\wamp64\www\he\hdz\framework\CodeIgniter.php(936): App\Controllers\Kb->error404('js', 'vendor-all.min....')
#18 C:\wamp64\www\he\hdz\framework\CodeIgniter.php(970): CodeIgniter\CodeIgniter->runController(Object(App\Controllers\Kb))
#19 C:\wamp64\www\he\hdz\framework\CodeIgniter.php(349): CodeIgniter\CodeIgniter->display404errors(Object(CodeIgniter\Exceptions\PageNotFoundException))
#20 C:\wamp64\www\he\index.php(44): CodeIgniter\CodeIgniter->run()
#21 {main}
ERROR - 2021-03-11 11:51:09 --> mysqli_sql_exception: Table 'helpdeskz.hdz_config' doesn't exist in C:\wamp64\www\he\hdz\framework\Database\MySQLi\Connection.php:314
Stack trace:
#0 C:\wamp64\www\he\hdz\framework\Database\MySQLi\Connection.php(314): mysqli->query('SELECT *\nFROM `...')
#1 C:\wamp64\www\he\hdz\framework\Database\BaseConnection.php(713): CodeIgniter\Database\MySQLi\Connection->execute('SELECT *\nFROM `...')
#2 C:\wamp64\www\he\hdz\framework\Database\BaseConnection.php(641): CodeIgniter\Database\BaseConnection->simpleQuery('SELECT *\nFROM `...')
#3 C:\wamp64\www\he\hdz\framework\Database\BaseBuilder.php(1866): CodeIgniter\Database\BaseConnection->query('SELECT *\nFROM `...', Array, false)
#4 C:\wamp64\www\he\hdz\app\Libraries\Settings.php(20): CodeIgniter\Database\BaseBuilder->get()
#5 C:\wamp64\www\he\hdz\app\Libraries\Kb.php(336): App\Libraries\Settings->config('kb_popular')
#6 C:\wamp64\www\he\hdz\app\Helpers\helpdesk_helper.php(122): App\Libraries\Kb->popularArticles(1)
#7 C:\wamp64\www\he\hdz\app\Views\client\page_template.php(39): kb_popular()
#8 C:\wamp64\www\he\hdz\framework\View\View.php(220): include('C:\\wamp64\\www\\h...')
#9 C:\wamp64\www\he\hdz\framework\View\View.php(222): CodeIgniter\View\View->CodeIgniter\View\{closure}()
#10 C:\wamp64\www\he\hdz\framework\View\View.php(236): CodeIgniter\View\View->render('client/page_tem...', Array, true)
#11 C:\wamp64\www\he\hdz\framework\Common.php(1217): CodeIgniter\View\View->render('client/error', Array, true)
#12 C:\wamp64\www\he\hdz\app\Controllers\Kb.php(12): view('client/error', Array)
#13 C:\wamp64\www\he\hdz\framework\CodeIgniter.php(936): App\Controllers\Kb->error404('js', 'vendor-all.min....')
#14 C:\wamp64\www\he\hdz\framework\CodeIgniter.php(970): CodeIgniter\CodeIgniter->runController(Object(App\Controllers\Kb))
#15 C:\wamp64\www\he\hdz\framework\CodeIgniter.php(349): CodeIgniter\CodeIgniter->display404errors(Object(CodeIgniter\Exceptions\PageNotFoundException))
#16 C:\wamp64\www\he\index.php(44): CodeIgniter\CodeIgniter->run()
#17 {main}
CRITICAL - 2021-03-11 11:51:09 --> Argument 1 passed to CodeIgniter\Database\BaseBuilder::get() must be of the type int or null, string given, called in C:\wamp64\www\he\hdz\framework\Model.php on line 836
#0 C:\wamp64\www\he\hdz\framework\Model.php(836): CodeIgniter\Database\BaseBuilder->get('')
#1 C:\wamp64\www\he\hdz\app\Libraries\Kb.php(336): CodeIgniter\Model->__call('get', Array)
#2 C:\wamp64\www\he\hdz\app\Helpers\helpdesk_helper.php(122): App\Libraries\Kb->popularArticles(1)
#3 C:\wamp64\www\he\hdz\app\Views\client\page_template.php(39): kb_popular()
#4 C:\wamp64\www\he\hdz\framework\View\View.php(220): include('C:\\wamp64\\www\\h...')
#5 C:\wamp64\www\he\hdz\framework\View\View.php(222): CodeIgniter\View\View->CodeIgniter\View\{closure}()
#6 C:\wamp64\www\he\hdz\framework\View\View.php(236): CodeIgniter\View\View->render('client/page_tem...', Array, true)
#7 C:\wamp64\www\he\hdz\framework\Common.php(1217): CodeIgniter\View\View->render('client/error', Array, true)
#8 C:\wamp64\www\he\hdz\app\Controllers\Kb.php(12): view('client/error', Array)
#9 C:\wamp64\www\he\hdz\framework\CodeIgniter.php(936): App\Controllers\Kb->error404('js', 'vendor-all.min....')
#10 C:\wamp64\www\he\hdz\framework\CodeIgniter.php(970): CodeIgniter\CodeIgniter->runController(Object(App\Controllers\Kb))
#11 C:\wamp64\www\he\hdz\framework\CodeIgniter.php(349): CodeIgniter\CodeIgniter->display404errors(Object(CodeIgniter\Exceptions\PageNotFoundException))
#12 C:\wamp64\www\he\index.php(44): CodeIgniter\CodeIgniter->run()
#13 {main}
ERROR - 2021-03-11 11:51:09 --> mysqli_sql_exception: Table 'helpdeskz.hdz_config' doesn't exist in C:\wamp64\www\he\hdz\framework\Database\MySQLi\Connection.php:314
Stack trace:
#0 C:\wamp64\www\he\hdz\framework\Database\MySQLi\Connection.php(314): mysqli->query('SELECT *\nFROM `...')
#1 C:\wamp64\www\he\hdz\framework\Database\BaseConnection.php(713): CodeIgniter\Database\MySQLi\Connection->execute('SELECT *\nFROM `...')
#2 C:\wamp64\www\he\hdz\framework\Database\BaseConnection.php(641): CodeIgniter\Database\BaseConnection->simpleQuery('SELECT *\nFROM `...')
#3 C:\wamp64\www\he\hdz\framework\Database\BaseBuilder.php(1866): CodeIgniter\Database\BaseConnection->query('SELECT *\nFROM `...', Array, false)
#4 C:\wamp64\www\he\hdz\app\Libraries\Settings.php(20): CodeIgniter\Database\BaseBuilder->get()
#5 C:\wamp64\www\he\hdz\app\Controllers\BaseController.php(71): App\Libraries\Settings->config('maintenance')
#6 C:\wamp64\www\he\hdz\framework\CodeIgniter.php(909): App\Controllers\BaseController->initController(Object(CodeIgniter\HTTP\IncomingRequest), Object(CodeIgniter\HTTP\Response), Object(CodeIgniter\Log\Logger))
#7 C:\wamp64\www\he\hdz\framework\CodeIgniter.php(969): CodeIgniter\CodeIgniter->createController()
#8 C:\wamp64\www\he\hdz\framework\CodeIgniter.php(349): CodeIgniter\CodeIgniter->display404errors(Object(CodeIgniter\Exceptions\PageNotFoundException))
#9 C:\wamp64\www\he\index.php(44): CodeIgniter\CodeIgniter->run()
#10 {main}
ERROR - 2021-03-11 11:51:09 --> mysqli_sql_exception: Table 'helpdeskz.hdz_kb_category' doesn't exist in C:\wamp64\www\he\hdz\framework\Database\MySQLi\Connection.php:314
Stack trace:
#0 C:\wamp64\www\he\hdz\framework\Database\MySQLi\Connection.php(314): mysqli->query('SELECT *\nFROM `...')
#1 C:\wamp64\www\he\hdz\framework\Database\BaseConnection.php(713): CodeIgniter\Database\MySQLi\Connection->execute('SELECT *\nFROM `...')
#2 C:\wamp64\www\he\hdz\framework\Database\BaseConnection.php(641): CodeIgniter\Database\BaseConnection->simpleQuery('SELECT *\nFROM `...')
#3 C:\wamp64\www\he\hdz\framework\Database\BaseBuilder.php(1866): CodeIgniter\Database\BaseConnection->query('SELECT *\nFROM `...', Array, false)
#4 C:\wamp64\www\he\hdz\framework\Model.php(836): CodeIgniter\Database\BaseBuilder->get()
#5 C:\wamp64\www\he\hdz\app\Libraries\Kb.php(73): CodeIgniter\Model->__call('get', Array)
#6 C:\wamp64\www\he\hdz\app\Libraries\Kb.php(28): App\Libraries\Kb->publicCatList()
#7 C:\wamp64\www\he\hdz\app\Config\Services.php(41): App\Libraries\Kb->__construct()
#8 C:\wamp64\www\he\hdz\framework\Config\BaseService.php(100): Config\Services::kb(false)
#9 C:\wamp64\www\he\hdz\app\Config\Services.php(39): CodeIgniter\Config\BaseService::getSharedInstance('kb')
#10 C:\wamp64\www\he\hdz\app\Helpers\helpdesk_helper.php(122): Config\Services::kb()
#11 C:\wamp64\www\he\hdz\app\Views\client\page_template.php(39): kb_popular()
#12 C:\wamp64\www\he\hdz\framework\View\View.php(220): include('C:\\wamp64\\www\\h...')
#13 C:\wamp64\www\he\hdz\framework\View\View.php(222): CodeIgniter\View\View->CodeIgniter\View\{closure}()
#14 C:\wamp64\www\he\hdz\framework\View\View.php(236): CodeIgniter\View\View->render('client/page_tem...', Array, true)
#15 C:\wamp64\www\he\hdz\framework\Common.php(1217): CodeIgniter\View\View->render('client/error', Array, true)
#16 C:\wamp64\www\he\hdz\app\Controllers\Kb.php(12): view('client/error', Array)
#17 C:\wamp64\www\he\hdz\framework\CodeIgniter.php(936): App\Controllers\Kb->error404('plugins', 'bootstrap', 'js', 'bootstrap.min.j...')
#18 C:\wamp64\www\he\hdz\framework\CodeIgniter.php(970): CodeIgniter\CodeIgniter->runController(Object(App\Controllers\Kb))
#19 C:\wamp64\www\he\hdz\framework\CodeIgniter.php(349): CodeIgniter\CodeIgniter->display404errors(Object(CodeIgniter\Exceptions\PageNotFoundException))
#20 C:\wamp64\www\he\index.php(44): CodeIgniter\CodeIgniter->run()
#21 {main}
ERROR - 2021-03-11 11:51:09 --> mysqli_sql_exception: Table 'helpdeskz.hdz_config' doesn't exist in C:\wamp64\www\he\hdz\framework\Database\MySQLi\Connection.php:314
Stack trace:
#0 C:\wamp64\www\he\hdz\framework\Database\MySQLi\Connection.php(314): mysqli->query('SELECT *\nFROM `...')
#1 C:\wamp64\www\he\hdz\framework\Database\BaseConnection.php(713): CodeIgniter\Database\MySQLi\Connection->execute('SELECT *\nFROM `...')
#2 C:\wamp64\www\he\hdz\framework\Database\BaseConnection.php(641): CodeIgniter\Database\BaseConnection->simpleQuery('SELECT *\nFROM `...')
#3 C:\wamp64\www\he\hdz\framework\Database\BaseBuilder.php(1866): CodeIgniter\Database\BaseConnection->query('SELECT *\nFROM `...', Array, false)
#4 C:\wamp64\www\he\hdz\app\Libraries\Settings.php(20): CodeIgniter\Database\BaseBuilder->get()
#5 C:\wamp64\www\he\hdz\app\Libraries\Kb.php(336): App\Libraries\Settings->config('kb_popular')
#6 C:\wamp64\www\he\hdz\app\Helpers\helpdesk_helper.php(122): App\Libraries\Kb->popularArticles(1)
#7 C:\wamp64\www\he\hdz\app\Views\client\page_template.php(39): kb_popular()
#8 C:\wamp64\www\he\hdz\framework\View\View.php(220): include('C:\\wamp64\\www\\h...')
#9 C:\wamp64\www\he\hdz\framework\View\View.php(222): CodeIgniter\View\View->CodeIgniter\View\{closure}()
#10 C:\wamp64\www\he\hdz\framework\View\View.php(236): CodeIgniter\View\View->render('client/page_tem...', Array, true)
#11 C:\wamp64\www\he\hdz\framework\Common.php(1217): CodeIgniter\View\View->render('client/error', Array, true)
#12 C:\wamp64\www\he\hdz\app\Controllers\Kb.php(12): view('client/error', Array)
#13 C:\wamp64\www\he\hdz\framework\CodeIgniter.php(936): App\Controllers\Kb->error404('plugins', 'bootstrap', 'js', 'bootstrap.min.j...')
#14 C:\wamp64\www\he\hdz\framework\CodeIgniter.php(970): CodeIgniter\CodeIgniter->runController(Object(App\Controllers\Kb))
#15 C:\wamp64\www\he\hdz\framework\CodeIgniter.php(349): CodeIgniter\CodeIgniter->display404errors(Object(CodeIgniter\Exceptions\PageNotFoundException))
#16 C:\wamp64\www\he\index.php(44): CodeIgniter\CodeIgniter->run()
#17 {main}
CRITICAL - 2021-03-11 11:51:09 --> Argument 1 passed to CodeIgniter\Database\BaseBuilder::get() must be of the type int or null, string given, called in C:\wamp64\www\he\hdz\framework\Model.php on line 836
#0 C:\wamp64\www\he\hdz\framework\Model.php(836): CodeIgniter\Database\BaseBuilder->get('')
#1 C:\wamp64\www\he\hdz\app\Libraries\Kb.php(336): CodeIgniter\Model->__call('get', Array)
#2 C:\wamp64\www\he\hdz\app\Helpers\helpdesk_helper.php(122): App\Libraries\Kb->popularArticles(1)
#3 C:\wamp64\www\he\hdz\app\Views\client\page_template.php(39): kb_popular()
#4 C:\wamp64\www\he\hdz\framework\View\View.php(220): include('C:\\wamp64\\www\\h...')
#5 C:\wamp64\www\he\hdz\framework\View\View.php(222): CodeIgniter\View\View->CodeIgniter\View\{closure}()
#6 C:\wamp64\www\he\hdz\framework\View\View.php(236): CodeIgniter\View\View->render('client/page_tem...', Array, true)
#7 C:\wamp64\www\he\hdz\framework\Common.php(1217): CodeIgniter\View\View->render('client/error', Array, true)
#8 C:\wamp64\www\he\hdz\app\Controllers\Kb.php(12): view('client/error', Array)
#9 C:\wamp64\www\he\hdz\framework\CodeIgniter.php(936): App\Controllers\Kb->error404('plugins', 'bootstrap', 'js', 'bootstrap.min.j...')
#10 C:\wamp64\www\he\hdz\framework\CodeIgniter.php(970): CodeIgniter\CodeIgniter->runController(Object(App\Controllers\Kb))
#11 C:\wamp64\www\he\hdz\framework\CodeIgniter.php(349): CodeIgniter\CodeIgniter->display404errors(Object(CodeIgniter\Exceptions\PageNotFoundException))
#12 C:\wamp64\www\he\index.php(44): CodeIgniter\CodeIgniter->run()
#13 {main}
ERROR - 2021-03-11 11:51:21 --> mysqli_sql_exception: Table 'helpdeskz.hdz_config' doesn't exist in C:\wamp64\www\he\hdz\framework\Database\MySQLi\Connection.php:314
Stack trace:
#0 C:\wamp64\www\he\hdz\framework\Database\MySQLi\Connection.php(314): mysqli->query('SELECT *\nFROM `...')
#1 C:\wamp64\www\he\hdz\framework\Database\BaseConnection.php(713): CodeIgniter\Database\MySQLi\Connection->execute('SELECT *\nFROM `...')
#2 C:\wamp64\www\he\hdz\framework\Database\BaseConnection.php(641): CodeIgniter\Database\BaseConnection->simpleQuery('SELECT *\nFROM `...')
#3 C:\wamp64\www\he\hdz\framework\Database\BaseBuilder.php(1866): CodeIgniter\Database\BaseConnection->query('SELECT *\nFROM `...', Array, false)
#4 C:\wamp64\www\he\hdz\app\Libraries\Settings.php(20): CodeIgniter\Database\BaseBuilder->get()
#5 C:\wamp64\www\he\hdz\app\Controllers\BaseController.php(71): App\Libraries\Settings->config('maintenance')
#6 C:\wamp64\www\he\hdz\framework\CodeIgniter.php(909): App\Controllers\BaseController->initController(Object(CodeIgniter\HTTP\IncomingRequest), Object(CodeIgniter\HTTP\Response), Object(CodeIgniter\Log\Logger))
#7 C:\wamp64\www\he\hdz\framework\CodeIgniter.php(969): CodeIgniter\CodeIgniter->createController()
#8 C:\wamp64\www\he\hdz\framework\CodeIgniter.php(349): CodeIgniter\CodeIgniter->display404errors(Object(CodeIgniter\Exceptions\PageNotFoundException))
#9 C:\wamp64\www\he\index.php(44): CodeIgniter\CodeIgniter->run()
#10 {main}
ERROR - 2021-03-11 11:51:21 --> mysqli_sql_exception: Table 'helpdeskz.hdz_kb_category' doesn't exist in C:\wamp64\www\he\hdz\framework\Database\MySQLi\Connection.php:314
Stack trace:
#0 C:\wamp64\www\he\hdz\framework\Database\MySQLi\Connection.php(314): mysqli->query('SELECT *\nFROM `...')
#1 C:\wamp64\www\he\hdz\framework\Database\BaseConnection.php(713): CodeIgniter\Database\MySQLi\Connection->execute('SELECT *\nFROM `...')
#2 C:\wamp64\www\he\hdz\framework\Database\BaseConnection.php(641): CodeIgniter\Database\BaseConnection->simpleQuery('SELECT *\nFROM `...')
#3 C:\wamp64\www\he\hdz\framework\Database\BaseBuilder.php(1866): CodeIgniter\Database\BaseConnection->query('SELECT *\nFROM `...', Array, false)
#4 C:\wamp64\www\he\hdz\framework\Model.php(836): CodeIgniter\Database\BaseBuilder->get()
#5 C:\wamp64\www\he\hdz\app\Libraries\Kb.php(73): CodeIgniter\Model->__call('get', Array)
#6 C:\wamp64\www\he\hdz\app\Libraries\Kb.php(28): App\Libraries\Kb->publicCatList()
#7 C:\wamp64\www\he\hdz\app\Config\Services.php(41): App\Libraries\Kb->__construct()
#8 C:\wamp64\www\he\hdz\framework\Config\BaseService.php(100): Config\Services::kb(false)
#9 C:\wamp64\www\he\hdz\app\Config\Services.php(39): CodeIgniter\Config\BaseService::getSharedInstance('kb')
#10 C:\wamp64\www\he\hdz\app\Helpers\helpdesk_helper.php(122): Config\Services::kb()
#11 C:\wamp64\www\he\hdz\app\Views\client\page_template.php(39): kb_popular()
#12 C:\wamp64\www\he\hdz\framework\View\View.php(220): include('C:\\wamp64\\www\\h...')
#13 C:\wamp64\www\he\hdz\framework\View\View.php(222): CodeIgniter\View\View->CodeIgniter\View\{closure}()
#14 C:\wamp64\www\he\hdz\framework\View\View.php(236): CodeIgniter\View\View->render('client/page_tem...', Array, true)
#15 C:\wamp64\www\he\hdz\framework\Common.php(1217): CodeIgniter\View\View->render('client/error', Array, true)
#16 C:\wamp64\www\he\hdz\app\Controllers\Kb.php(12): view('client/error', Array)
#17 C:\wamp64\www\he\hdz\framework\CodeIgniter.php(936): App\Controllers\Kb->error404('js', 'vendor-all.min....')
#18 C:\wamp64\www\he\hdz\framework\CodeIgniter.php(970): CodeIgniter\CodeIgniter->runController(Object(App\Controllers\Kb))
#19 C:\wamp64\www\he\hdz\framework\CodeIgniter.php(349): CodeIgniter\CodeIgniter->display404errors(Object(CodeIgniter\Exceptions\PageNotFoundException))
#20 C:\wamp64\www\he\index.php(44): CodeIgniter\CodeIgniter->run()
#21 {main}
ERROR - 2021-03-11 11:51:21 --> mysqli_sql_exception: Table 'helpdeskz.hdz_config' doesn't exist in C:\wamp64\www\he\hdz\framework\Database\MySQLi\Connection.php:314
Stack trace:
#0 C:\wamp64\www\he\hdz\framework\Database\MySQLi\Connection.php(314): mysqli->query('SELECT *\nFROM `...')
#1 C:\wamp64\www\he\hdz\framework\Database\BaseConnection.php(713): CodeIgniter\Database\MySQLi\Connection->execute('SELECT *\nFROM `...')
#2 C:\wamp64\www\he\hdz\framework\Database\BaseConnection.php(641): CodeIgniter\Database\BaseConnection->simpleQuery('SELECT *\nFROM `...')
#3 C:\wamp64\www\he\hdz\framework\Database\BaseBuilder.php(1866): CodeIgniter\Database\BaseConnection->query('SELECT *\nFROM `...', Array, false)
#4 C:\wamp64\www\he\hdz\app\Libraries\Settings.php(20): CodeIgniter\Database\BaseBuilder->get()
#5 C:\wamp64\www\he\hdz\app\Libraries\Kb.php(336): App\Libraries\Settings->config('kb_popular')
#6 C:\wamp64\www\he\hdz\app\Helpers\helpdesk_helper.php(122): App\Libraries\Kb->popularArticles(1)
#7 C:\wamp64\www\he\hdz\app\Views\client\page_template.php(39): kb_popular()
#8 C:\wamp64\www\he\hdz\framework\View\View.php(220): include('C:\\wamp64\\www\\h...')
#9 C:\wamp64\www\he\hdz\framework\View\View.php(222): CodeIgniter\View\View->CodeIgniter\View\{closure}()
#10 C:\wamp64\www\he\hdz\framework\View\View.php(236): CodeIgniter\View\View->render('client/page_tem...', Array, true)
#11 C:\wamp64\www\he\hdz\framework\Common.php(1217): CodeIgniter\View\View->render('client/error', Array, true)
#12 C:\wamp64\www\he\hdz\app\Controllers\Kb.php(12): view('client/error', Array)
#13 C:\wamp64\www\he\hdz\framework\CodeIgniter.php(936): App\Controllers\Kb->error404('js', 'vendor-all.min....')
#14 C:\wamp64\www\he\hdz\framework\CodeIgniter.php(970): CodeIgniter\CodeIgniter->runController(Object(App\Controllers\Kb))
#15 C:\wamp64\www\he\hdz\framework\CodeIgniter.php(349): CodeIgniter\CodeIgniter->display404errors(Object(CodeIgniter\Exceptions\PageNotFoundException))
#16 C:\wamp64\www\he\index.php(44): CodeIgniter\CodeIgniter->run()
#17 {main}
CRITICAL - 2021-03-11 11:51:21 --> Argument 1 passed to CodeIgniter\Database\BaseBuilder::get() must be of the type int or null, string given, called in C:\wamp64\www\he\hdz\framework\Model.php on line 836
#0 C:\wamp64\www\he\hdz\framework\Model.php(836): CodeIgniter\Database\BaseBuilder->get('')
#1 C:\wamp64\www\he\hdz\app\Libraries\Kb.php(336): CodeIgniter\Model->__call('get', Array)
#2 C:\wamp64\www\he\hdz\app\Helpers\helpdesk_helper.php(122): App\Libraries\Kb->popularArticles(1)
#3 C:\wamp64\www\he\hdz\app\Views\client\page_template.php(39): kb_popular()
#4 C:\wamp64\www\he\hdz\framework\View\View.php(220): include('C:\\wamp64\\www\\h...')
#5 C:\wamp64\www\he\hdz\framework\View\View.php(222): CodeIgniter\View\View->CodeIgniter\View\{closure}()
#6 C:\wamp64\www\he\hdz\framework\View\View.php(236): CodeIgniter\View\View->render('client/page_tem...', Array, true)
#7 C:\wamp64\www\he\hdz\framework\Common.php(1217): CodeIgniter\View\View->render('client/error', Array, true)
#8 C:\wamp64\www\he\hdz\app\Controllers\Kb.php(12): view('client/error', Array)
#9 C:\wamp64\www\he\hdz\framework\CodeIgniter.php(936): App\Controllers\Kb->error404('js', 'vendor-all.min....')
#10 C:\wamp64\www\he\hdz\framework\CodeIgniter.php(970): CodeIgniter\CodeIgniter->runController(Object(App\Controllers\Kb))
#11 C:\wamp64\www\he\hdz\framework\CodeIgniter.php(349): CodeIgniter\CodeIgniter->display404errors(Object(CodeIgniter\Exceptions\PageNotFoundException))
#12 C:\wamp64\www\he\index.php(44): CodeIgniter\CodeIgniter->run()
#13 {main}
ERROR - 2021-03-11 11:51:21 --> mysqli_sql_exception: Table 'helpdeskz.hdz_config' doesn't exist in C:\wamp64\www\he\hdz\framework\Database\MySQLi\Connection.php:314
Stack trace:
#0 C:\wamp64\www\he\hdz\framework\Database\MySQLi\Connection.php(314): mysqli->query('SELECT *\nFROM `...')
#1 C:\wamp64\www\he\hdz\framework\Database\BaseConnection.php(713): CodeIgniter\Database\MySQLi\Connection->execute('SELECT *\nFROM `...')
#2 C:\wamp64\www\he\hdz\framework\Database\BaseConnection.php(641): CodeIgniter\Database\BaseConnection->simpleQuery('SELECT *\nFROM `...')
#3 C:\wamp64\www\he\hdz\framework\Database\BaseBuilder.php(1866): CodeIgniter\Database\BaseConnection->query('SELECT *\nFROM `...', Array, false)
#4 C:\wamp64\www\he\hdz\app\Libraries\Settings.php(20): CodeIgniter\Database\BaseBuilder->get()
#5 C:\wamp64\www\he\hdz\app\Controllers\BaseController.php(71): App\Libraries\Settings->config('maintenance')
#6 C:\wamp64\www\he\hdz\framework\CodeIgniter.php(909): App\Controllers\BaseController->initController(Object(CodeIgniter\HTTP\IncomingRequest), Object(CodeIgniter\HTTP\Response), Object(CodeIgniter\Log\Logger))
#7 C:\wamp64\www\he\hdz\framework\CodeIgniter.php(969): CodeIgniter\CodeIgniter->createController()
#8 C:\wamp64\www\he\hdz\framework\CodeIgniter.php(349): CodeIgniter\CodeIgniter->display404errors(Object(CodeIgniter\Exceptions\PageNotFoundException))
#9 C:\wamp64\www\he\index.php(44): CodeIgniter\CodeIgniter->run()
#10 {main}
ERROR - 2021-03-11 11:51:21 --> mysqli_sql_exception: Table 'helpdeskz.hdz_kb_category' doesn't exist in C:\wamp64\www\he\hdz\framework\Database\MySQLi\Connection.php:314
Stack trace:
#0 C:\wamp64\www\he\hdz\framework\Database\MySQLi\Connection.php(314): mysqli->query('SELECT *\nFROM `...')
#1 C:\wamp64\www\he\hdz\framework\Database\BaseConnection.php(713): CodeIgniter\Database\MySQLi\Connection->execute('SELECT *\nFROM `...')
#2 C:\wamp64\www\he\hdz\framework\Database\BaseConnection.php(641): CodeIgniter\Database\BaseConnection->simpleQuery('SELECT *\nFROM `...')
#3 C:\wamp64\www\he\hdz\framework\Database\BaseBuilder.php(1866): CodeIgniter\Database\BaseConnection->query('SELECT *\nFROM `...', Array, false)
#4 C:\wamp64\www\he\hdz\framework\Model.php(836): CodeIgniter\Database\BaseBuilder->get()
#5 C:\wamp64\www\he\hdz\app\Libraries\Kb.php(73): CodeIgniter\Model->__call('get', Array)
#6 C:\wamp64\www\he\hdz\app\Libraries\Kb.php(28): App\Libraries\Kb->publicCatList()
#7 C:\wamp64\www\he\hdz\app\Config\Services.php(41): App\Libraries\Kb->__construct()
#8 C:\wamp64\www\he\hdz\framework\Config\BaseService.php(100): Config\Services::kb(false)
#9 C:\wamp64\www\he\hdz\app\Config\Services.php(39): CodeIgniter\Config\BaseService::getSharedInstance('kb')
#10 C:\wamp64\www\he\hdz\app\Helpers\helpdesk_helper.php(122): Config\Services::kb()
#11 C:\wamp64\www\he\hdz\app\Views\client\page_template.php(39): kb_popular()
#12 C:\wamp64\www\he\hdz\framework\View\View.php(220): include('C:\\wamp64\\www\\h...')
#13 C:\wamp64\www\he\hdz\framework\View\View.php(222): CodeIgniter\View\View->CodeIgniter\View\{closure}()
#14 C:\wamp64\www\he\hdz\framework\View\View.php(236): CodeIgniter\View\View->render('client/page_tem...', Array, true)
#15 C:\wamp64\www\he\hdz\framework\Common.php(1217): CodeIgniter\View\View->render('client/error', Array, true)
#16 C:\wamp64\www\he\hdz\app\Controllers\Kb.php(12): view('client/error', Array)
#17 C:\wamp64\www\he\hdz\framework\CodeIgniter.php(936): App\Controllers\Kb->error404('plugins', 'bootstrap', 'js', 'bootstrap.min.j...')
#18 C:\wamp64\www\he\hdz\framework\CodeIgniter.php(970): CodeIgniter\CodeIgniter->runController(Object(App\Controllers\Kb))
#19 C:\wamp64\www\he\hdz\framework\CodeIgniter.php(349): CodeIgniter\CodeIgniter->display404errors(Object(CodeIgniter\Exceptions\PageNotFoundException))
#20 C:\wamp64\www\he\index.php(44): CodeIgniter\CodeIgniter->run()
#21 {main}
ERROR - 2021-03-11 11:51:21 --> mysqli_sql_exception: Table 'helpdeskz.hdz_config' doesn't exist in C:\wamp64\www\he\hdz\framework\Database\MySQLi\Connection.php:314
Stack trace:
#0 C:\wamp64\www\he\hdz\framework\Database\MySQLi\Connection.php(314): mysqli->query('SELECT *\nFROM `...')
#1 C:\wamp64\www\he\hdz\framework\Database\BaseConnection.php(713): CodeIgniter\Database\MySQLi\Connection->execute('SELECT *\nFROM `...')
#2 C:\wamp64\www\he\hdz\framework\Database\BaseConnection.php(641): CodeIgniter\Database\BaseConnection->simpleQuery('SELECT *\nFROM `...')
#3 C:\wamp64\www\he\hdz\framework\Database\BaseBuilder.php(1866): CodeIgniter\Database\BaseConnection->query('SELECT *\nFROM `...', Array, false)
#4 C:\wamp64\www\he\hdz\app\Libraries\Settings.php(20): CodeIgniter\Database\BaseBuilder->get()
#5 C:\wamp64\www\he\hdz\app\Libraries\Kb.php(336): App\Libraries\Settings->config('kb_popular')
#6 C:\wamp64\www\he\hdz\app\Helpers\helpdesk_helper.php(122): App\Libraries\Kb->popularArticles(1)
#7 C:\wamp64\www\he\hdz\app\Views\client\page_template.php(39): kb_popular()
#8 C:\wamp64\www\he\hdz\framework\View\View.php(220): include('C:\\wamp64\\www\\h...')
#9 C:\wamp64\www\he\hdz\framework\View\View.php(222): CodeIgniter\View\View->CodeIgniter\View\{closure}()
#10 C:\wamp64\www\he\hdz\framework\View\View.php(236): CodeIgniter\View\View->render('client/page_tem...', Array, true)
#11 C:\wamp64\www\he\hdz\framework\Common.php(1217): CodeIgniter\View\View->render('client/error', Array, true)
#12 C:\wamp64\www\he\hdz\app\Controllers\Kb.php(12): view('client/error', Array)
#13 C:\wamp64\www\he\hdz\framework\CodeIgniter.php(936): App\Controllers\Kb->error404('plugins', 'bootstrap', 'js', 'bootstrap.min.j...')
#14 C:\wamp64\www\he\hdz\framework\CodeIgniter.php(970): CodeIgniter\CodeIgniter->runController(Object(App\Controllers\Kb))
#15 C:\wamp64\www\he\hdz\framework\CodeIgniter.php(349): CodeIgniter\CodeIgniter->display404errors(Object(CodeIgniter\Exceptions\PageNotFoundException))
#16 C:\wamp64\www\he\index.php(44): CodeIgniter\CodeIgniter->run()
#17 {main}
CRITICAL - 2021-03-11 11:51:21 --> Argument 1 passed to CodeIgniter\Database\BaseBuilder::get() must be of the type int or null, string given, called in C:\wamp64\www\he\hdz\framework\Model.php on line 836
#0 C:\wamp64\www\he\hdz\framework\Model.php(836): CodeIgniter\Database\BaseBuilder->get('')
#1 C:\wamp64\www\he\hdz\app\Libraries\Kb.php(336): CodeIgniter\Model->__call('get', Array)
#2 C:\wamp64\www\he\hdz\app\Helpers\helpdesk_helper.php(122): App\Libraries\Kb->popularArticles(1)
#3 C:\wamp64\www\he\hdz\app\Views\client\page_template.php(39): kb_popular()
#4 C:\wamp64\www\he\hdz\framework\View\View.php(220): include('C:\\wamp64\\www\\h...')
#5 C:\wamp64\www\he\hdz\framework\View\View.php(222): CodeIgniter\View\View->CodeIgniter\View\{closure}()
#6 C:\wamp64\www\he\hdz\framework\View\View.php(236): CodeIgniter\View\View->render('client/page_tem...', Array, true)
#7 C:\wamp64\www\he\hdz\framework\Common.php(1217): CodeIgniter\View\View->render('client/error', Array, true)
#8 C:\wamp64\www\he\hdz\app\Controllers\Kb.php(12): view('client/error', Array)
#9 C:\wamp64\www\he\hdz\framework\CodeIgniter.php(936): App\Controllers\Kb->error404('plugins', 'bootstrap', 'js', 'bootstrap.min.j...')
#10 C:\wamp64\www\he\hdz\framework\CodeIgniter.php(970): CodeIgniter\CodeIgniter->runController(Object(App\Controllers\Kb))
#11 C:\wamp64\www\he\hdz\framework\CodeIgniter.php(349): CodeIgniter\CodeIgniter->display404errors(Object(CodeIgniter\Exceptions\PageNotFoundException))
#12 C:\wamp64\www\he\index.php(44): CodeIgniter\CodeIgniter->run()
#13 {main}
